[ 2017-12-21T08:55:45+08:00 ] 127.0.0.1 /webapp/index.php/admin/news/shownews
ERR: 模板不存在:D:/php7tpsite/webapp/Home/View/user/showuserb.html

[ 2017-12-21T11:49:40+08:00 ] 127.0.0.1 /webapp/index.php/admin/news/_PUBLIC_/css/style.css
ERR: 非法操作:_public_

[ 2017-12-21T11:49:40+08:00 ] 127.0.0.1 /webapp/index.php/admin/news/_PUBLIC_/css/style.css
ERR: 非法操作:_public_

[ 2017-12-21T11:49:41+08:00 ] 127.0.0.1 /webapp/index.php/admin/news/_PUBLIC_/css/style.css
ERR: 非法操作:_public_

[ 2017-12-21T11:49:41+08:00 ] 127.0.0.1 /webapp/index.php/admin/news/_PUBLIC_/css/style.css
ERR: 非法操作:_public_

[ 2017-12-21T11:49:41+08:00 ] 127.0.0.1 /webapp/index.php/admin/news/_PUBLIC_/css/style.css
ERR: 非法操作:_public_

[ 2017-12-21T12:34:18+08:00 ] 127.0.0.1 /webapp/index.php/admin/news/__MODULE/news/getallnews
ERR: 非法操作:__module

[ 2017-12-21T12:37:59+08:00 ] 127.0.0.1 /webapp/index.php/admin/manager/showlogin
ERR: Think\Controller:diplay方法不存在！

[ 2017-12-21T12:39:11+08:00 ] 127.0.0.1 /webapp/index.php/admin/manager/showlogin.html
ERR: Think\Controller:diplay方法不存在！

[ 2017-12-21T12:39:14+08:00 ] 127.0.0.1 /webapp/index.php/admin/manager/showlogin.html
ERR: Think\Controller:diplay方法不存在！

[ 2017-12-21T12:40:15+08:00 ] 127.0.0.1 /webapp/index.php/admin/manager/showlogin.html
ERR: Think\Controller:diplay方法不存在！

[ 2017-12-21T12:40:21+08:00 ] 127.0.0.1 /webapp/index.php/admin/manager/showlogin
ERR: Think\Controller:diplay方法不存在！

[ 2017-12-21T12:40:26+08:00 ] 127.0.0.1 /webapp/index.php/admin/manager/showlogin
ERR: Think\Controller:diplay方法不存在！

[ 2017-12-21T12:40:27+08:00 ] 127.0.0.1 /webapp/index.php/admin/manager/showlogin
ERR: Think\Controller:diplay方法不存在！

[ 2017-12-21T12:40:30+08:00 ] 127.0.0.1 /webapp/index.php/admin/manager/showlogin
ERR: Think\Controller:diplay方法不存在！

[ 2017-12-21T13:50:36+08:00 ] 127.0.0.1 /webapp/index.php/admin/goods/showlist
ERR: 无法加载数据库驱动: Think\Db\Driver\

[ 2017-12-21T13:51:18+08:00 ] 127.0.0.1 /webapp/index.php/admin/goods/showlist
ERR: 无法加载数据库驱动: Think\Db\Driver\

[ 2017-12-21T13:52:09+08:00 ] 127.0.0.1 /webapp/index.php/admin/goods/showlist
ERR: 无法加载数据库驱动: Think\Db\Driver\

[ 2017-12-21T13:52:12+08:00 ] 127.0.0.1 /webapp/index.php/admin/goods/showlist
ERR: 无法加载数据库驱动: Think\Db\Driver\

[ 2017-12-21T13:53:28+08:00 ] 127.0.0.1 /webapp/index.php/admin/goods/showlist
ERR: 无法加载数据库驱动: Think\Db\Driver\

[ 2017-12-21T13:55:05+08:00 ] 127.0.0.1 /webapp/index.php/admin/goods/showlist
ERR: 无法加载数据库驱动: Think\Db\Driver\

[ 2017-12-21T13:55:13+08:00 ] 127.0.0.1 /webapp/index.php/admin/goods/showlist
ERR: 无法加载数据库驱动: Think\Db\Driver\

[ 2017-12-21T13:55:13+08:00 ] 127.0.0.1 /webapp/index.php/admin/goods/showlist
ERR: 无法加载数据库驱动: Think\Db\Driver\

[ 2017-12-21T13:55:14+08:00 ] 127.0.0.1 /webapp/index.php/admin/goods/showlist
ERR: 无法加载数据库驱动: Think\Db\Driver\

[ 2017-12-21T13:55:14+08:00 ] 127.0.0.1 /webapp/index.php/admin/goods/showlist
ERR: 无法加载数据库驱动: Think\Db\Driver\

[ 2017-12-21T13:55:14+08:00 ] 127.0.0.1 /webapp/index.php/admin/goods/showlist
ERR: 无法加载数据库驱动: Think\Db\Driver\

[ 2017-12-21T13:55:15+08:00 ] 127.0.0.1 /webapp/index.php/admin/goods/showlist
ERR: 无法加载数据库驱动: Think\Db\Driver\

[ 2017-12-21T13:55:15+08:00 ] 127.0.0.1 /webapp/index.php/admin/goods/showlist
ERR: 无法加载数据库驱动: Think\Db\Driver\

[ 2017-12-21T13:55:15+08:00 ] 127.0.0.1 /webapp/index.php/admin/goods/showlist
ERR: 无法加载数据库驱动: Think\Db\Driver\

[ 2017-12-21T13:55:15+08:00 ] 127.0.0.1 /webapp/index.php/admin/goods/showlist
ERR: 无法加载数据库驱动: Think\Db\Driver\

[ 2017-12-21T13:55:15+08:00 ] 127.0.0.1 /webapp/index.php/admin/goods/showlist
ERR: 无法加载数据库驱动: Think\Db\Driver\

[ 2017-12-21T13:55:15+08:00 ] 127.0.0.1 /webapp/index.php/admin/goods/showlist
ERR: 无法加载数据库驱动: Think\Db\Driver\

[ 2017-12-21T13:55:15+08:00 ] 127.0.0.1 /webapp/index.php/admin/goods/showlist
ERR: 无法加载数据库驱动: Think\Db\Driver\

[ 2017-12-21T13:55:51+08:00 ] 127.0.0.1 /webapp/index.php/admin/goods/showlist
ERR: 无法加载数据库驱动: Think\Db\Driver\

[ 2017-12-21T13:55:51+08:00 ] 127.0.0.1 /webapp/index.php/admin/goods/showlist
ERR: 无法加载数据库驱动: Think\Db\Driver\

[ 2017-12-21T13:55:52+08:00 ] 127.0.0.1 /webapp/index.php/admin/goods/showlist
ERR: 无法加载数据库驱动: Think\Db\Driver\

[ 2017-12-21T13:55:52+08:00 ] 127.0.0.1 /webapp/index.php/admin/goods/showlist
ERR: 无法加载数据库驱动: Think\Db\Driver\

[ 2017-12-21T13:55:52+08:00 ] 127.0.0.1 /webapp/index.php/admin/goods/showlist
ERR: 无法加载数据库驱动: Think\Db\Driver\

[ 2017-12-21T13:56:13+08:00 ] 127.0.0.1 /webapp/index.php/admin/goods/showlist
ERR: 无法加载控制器:Goods

[ 2017-12-21T13:58:46+08:00 ] 127.0.0.1 /webapp/index.php/admin/goods/showlist
ERR: 无法加载数据库驱动: Think\Db\Driver\

[ 2017-12-21T13:58:49+08:00 ] 127.0.0.1 /webapp/index.php/admin/goods/showlist
ERR: 无法加载数据库驱动: Think\Db\Driver\

[ 2017-12-21T14:00:03+08:00 ] 127.0.0.1 /webapp/index.php/admin/goods/showlist
ERR: 无法加载数据库驱动: Think\Db\Driver\

[ 2017-12-21T14:01:55+08:00 ] 127.0.0.1 /webapp/index.php/admin/goods/showlist
ERR: 无法加载数据库驱动: Think\Db\Driver\

[ 2017-12-21T14:02:00+08:00 ] 127.0.0.1 /webapp/index.php/admin/goods/showlist
ERR: 无法加载数据库驱动: Think\Db\Driver\

[ 2017-12-21T14:02:02+08:00 ] 127.0.0.1 /webapp/index.php/admin/goods/showlist
ERR: 无法加载数据库驱动: Think\Db\Driver\

[ 2017-12-21T14:02:03+08:00 ] 127.0.0.1 /webapp/index.php/admin/goods/showlist
ERR: 无法加载数据库驱动: Think\Db\Driver\

[ 2017-12-21T14:02:03+08:00 ] 127.0.0.1 /webapp/index.php/admin/goods/showlist
ERR: 无法加载数据库驱动: Think\Db\Driver\

[ 2017-12-21T14:02:15+08:00 ] 127.0.0.1 /webapp/index.php/admin/goods/showlist
ERR: 无法加载数据库驱动: Think\Db\Driver\

[ 2017-12-21T14:04:40+08:00 ] 127.0.0.1 /webapp/index.php/admin/goods/showlist
ERR: 无法加载数据库驱动: Think\Db\Driver\

[ 2017-12-21T14:07:16+08:00 ] 127.0.0.1 /webapp/index.php/admin/goods/showlist
ERR: 无法加载数据库驱动: Think\Db\Driver\

[ 2017-12-21T14:07:40+08:00 ] 127.0.0.1 /webapp/index.php/admin/goods/showlist
ERR: 无法加载数据库驱动: Think\Db\Driver\

[ 2017-12-21T14:07:41+08:00 ] 127.0.0.1 /webapp/index.php/admin/goods/showlist
ERR: 无法加载数据库驱动: Think\Db\Driver\

[ 2017-12-21T14:07:41+08:00 ] 127.0.0.1 /webapp/index.php/admin/goods/showlist
ERR: 无法加载数据库驱动: Think\Db\Driver\

[ 2017-12-21T14:07:41+08:00 ] 127.0.0.1 /webapp/index.php/admin/goods/showlist
ERR: 无法加载数据库驱动: Think\Db\Driver\

[ 2017-12-21T14:07:42+08:00 ] 127.0.0.1 /webapp/index.php/admin/goods/showlist
ERR: 无法加载数据库驱动: Think\Db\Driver\

[ 2017-12-21T14:07:44+08:00 ] 127.0.0.1 /webapp/index.php/admin/goods/showlist
ERR: 无法加载数据库驱动: Think\Db\Driver\

[ 2017-12-21T14:07:55+08:00 ] 127.0.0.1 /webapp/index.php/admin/goods/showlist
ERR: 无法加载数据库驱动: Think\Db\Driver\

[ 2017-12-21T14:08:55+08:00 ] 127.0.0.1 /webapp/index.php/admin/goods/showlist
ERR: 无法加载数据库驱动: Think\Db\Driver\

[ 2017-12-21T14:08:56+08:00 ] 127.0.0.1 /webapp/index.php/admin/goods/showlist
ERR: 无法加载数据库驱动: Think\Db\Driver\

[ 2017-12-21T14:08:56+08:00 ] 127.0.0.1 /webapp/index.php/admin/goods/showlist
ERR: 无法加载数据库驱动: Think\Db\Driver\

[ 2017-12-21T14:08:56+08:00 ] 127.0.0.1 /webapp/index.php/admin/goods/showlist
ERR: 无法加载数据库驱动: Think\Db\Driver\

[ 2017-12-21T14:08:57+08:00 ] 127.0.0.1 /webapp/index.php/admin/goods/showlist
ERR: 无法加载数据库驱动: Think\Db\Driver\

[ 2017-12-21T14:08:57+08:00 ] 127.0.0.1 /webapp/index.php/admin/goods/showlist
ERR: 无法加载数据库驱动: Think\Db\Driver\

[ 2017-12-21T14:08:57+08:00 ] 127.0.0.1 /webapp/index.php/admin/goods/showlist
ERR: 无法加载数据库驱动: Think\Db\Driver\

[ 2017-12-21T14:08:57+08:00 ] 127.0.0.1 /webapp/index.php/admin/goods/showlist
ERR: 无法加载数据库驱动: Think\Db\Driver\

[ 2017-12-21T14:08:58+08:00 ] 127.0.0.1 /webapp/index.php/admin/goods/showlist
ERR: 无法加载数据库驱动: Think\Db\Driver\

[ 2017-12-21T14:08:58+08:00 ] 127.0.0.1 /webapp/index.php/admin/goods/showlist
ERR: 无法加载数据库驱动: Think\Db\Driver\

[ 2017-12-21T14:08:58+08:00 ] 127.0.0.1 /webapp/index.php/admin/goods/showlist
ERR: 无法加载数据库驱动: Think\Db\Driver\

[ 2017-12-21T14:08:58+08:00 ] 127.0.0.1 /webapp/index.php/admin/goods/showlist
ERR: 无法加载数据库驱动: Think\Db\Driver\

[ 2017-12-21T14:09:17+08:00 ] 127.0.0.1 /webapp/index.php/admin/goods/showlist
ERR: 无法加载数据库驱动: Think\Db\Driver\

[ 2017-12-21T14:09:18+08:00 ] 127.0.0.1 /webapp/index.php/admin/goods/showlist
ERR: 无法加载数据库驱动: Think\Db\Driver\

[ 2017-12-21T14:09:18+08:00 ] 127.0.0.1 /webapp/index.php/admin/goods/showlist
ERR: 无法加载数据库驱动: Think\Db\Driver\

[ 2017-12-21T14:10:49+08:00 ] 127.0.0.1 /webapp/index.php/admin/goods/showlist
ERR: 无法加载数据库驱动: Think\Db\Driver\

[ 2017-12-21T14:10:50+08:00 ] 127.0.0.1 /webapp/index.php/admin/goods/showlist
ERR: 无法加载数据库驱动: Think\Db\Driver\

[ 2017-12-21T14:10:50+08:00 ] 127.0.0.1 /webapp/index.php/admin/goods/showlist
ERR: 无法加载数据库驱动: Think\Db\Driver\

[ 2017-12-21T14:10:50+08:00 ] 127.0.0.1 /webapp/index.php/admin/goods/showlist
ERR: 无法加载数据库驱动: Think\Db\Driver\

[ 2017-12-21T14:10:50+08:00 ] 127.0.0.1 /webapp/index.php/admin/goods/showlist
ERR: 无法加载数据库驱动: Think\Db\Driver\

[ 2017-12-21T14:10:51+08:00 ] 127.0.0.1 /webapp/index.php/admin/goods/showlist
ERR: 无法加载数据库驱动: Think\Db\Driver\

[ 2017-12-21T14:11:00+08:00 ] 127.0.0.1 /webapp/index.php/admin/goods/showlist
ERR: 无法加载数据库驱动: Think\Db\Driver\

[ 2017-12-21T14:11:01+08:00 ] 127.0.0.1 /webapp/index.php/admin/goods/showlist
ERR: 无法加载数据库驱动: Think\Db\Driver\

[ 2017-12-21T14:11:01+08:00 ] 127.0.0.1 /webapp/index.php/admin/goods/showlist
ERR: 无法加载数据库驱动: Think\Db\Driver\

[ 2017-12-21T14:11:01+08:00 ] 127.0.0.1 /webapp/index.php/admin/goods/showlist
ERR: 无法加载数据库驱动: Think\Db\Driver\

[ 2017-12-21T14:11:01+08:00 ] 127.0.0.1 /webapp/index.php/admin/goods/showlist
ERR: 无法加载数据库驱动: Think\Db\Driver\

[ 2017-12-21T14:11:02+08:00 ] 127.0.0.1 /webapp/index.php/admin/goods/showlist
ERR: 无法加载数据库驱动: Think\Db\Driver\

[ 2017-12-21T14:11:02+08:00 ] 127.0.0.1 /webapp/index.php/admin/goods/showlist
ERR: 无法加载数据库驱动: Think\Db\Driver\

[ 2017-12-21T14:11:02+08:00 ] 127.0.0.1 /webapp/index.php/admin/goods/showlist
ERR: 无法加载数据库驱动: Think\Db\Driver\

[ 2017-12-21T14:11:02+08:00 ] 127.0.0.1 /webapp/index.php/admin/goods/showlist
ERR: 无法加载数据库驱动: Think\Db\Driver\

[ 2017-12-21T14:17:19+08:00 ] 127.0.0.1 /webapp/index.php/admin/goods/showlist
ERR: 无法加载数据库驱动: Think\Db\Driver\

[ 2017-12-21T14:17:19+08:00 ] 127.0.0.1 /webapp/index.php/admin/goods/showlist
ERR: 无法加载数据库驱动: Think\Db\Driver\

[ 2017-12-21T14:17:20+08:00 ] 127.0.0.1 /webapp/index.php/admin/goods/showlist
ERR: 无法加载数据库驱动: Think\Db\Driver\

[ 2017-12-21T14:17:20+08:00 ] 127.0.0.1 /webapp/index.php/admin/goods/showlist
ERR: 无法加载数据库驱动: Think\Db\Driver\

[ 2017-12-21T14:17:20+08:00 ] 127.0.0.1 /webapp/index.php/admin/goods/showlist
ERR: 无法加载数据库驱动: Think\Db\Driver\

[ 2017-12-21T14:17:22+08:00 ] 127.0.0.1 /webapp/index.php/admin/goods/showlist
ERR: 无法加载数据库驱动: Think\Db\Driver\

[ 2017-12-21T14:32:07+08:00 ] 127.0.0.1 /webapp/index.php/admin/goods/showlist
ERR: 无法加载数据库驱动: Think\Db\Driver\

[ 2017-12-21T14:33:05+08:00 ] 127.0.0.1 /webapp/index.php/admin/goods/showlist
ERR: 无法加载数据库驱动: Think\Db\Driver\

[ 2017-12-21T14:33:05+08:00 ] 127.0.0.1 /webapp/index.php/admin/goods/showlist
ERR: 无法加载数据库驱动: Think\Db\Driver\

[ 2017-12-21T14:33:06+08:00 ] 127.0.0.1 /webapp/index.php/admin/goods/showlist
ERR: 无法加载数据库驱动: Think\Db\Driver\

[ 2017-12-21T14:33:06+08:00 ] 127.0.0.1 /webapp/index.php/admin/goods/showlist
ERR: 无法加载数据库驱动: Think\Db\Driver\

[ 2017-12-21T14:33:07+08:00 ] 127.0.0.1 /webapp/index.php/admin/goods/showlist
ERR: 无法加载数据库驱动: Think\Db\Driver\

[ 2017-12-21T14:33:08+08:00 ] 127.0.0.1 /webapp/index.php/admin/goods/showlist
ERR: 无法加载数据库驱动: Think\Db\Driver\

[ 2017-12-21T14:33:08+08:00 ] 127.0.0.1 /webapp/index.php/admin/goods/showlist
ERR: 无法加载数据库驱动: Think\Db\Driver\

[ 2017-12-21T14:33:08+08:00 ] 127.0.0.1 /webapp/index.php/admin/goods/showlist
ERR: 无法加载数据库驱动: Think\Db\Driver\

[ 2017-12-21T14:33:08+08:00 ] 127.0.0.1 /webapp/index.php/admin/goods/showlist
ERR: 无法加载数据库驱动: Think\Db\Driver\

[ 2017-12-21T14:33:09+08:00 ] 127.0.0.1 /webapp/index.php/admin/goods/showlist
ERR: 无法加载数据库驱动: Think\Db\Driver\

[ 2017-12-21T14:33:09+08:00 ] 127.0.0.1 /webapp/index.php/admin/goods/showlist
ERR: 无法加载数据库驱动: Think\Db\Driver\

[ 2017-12-21T14:33:10+08:00 ] 127.0.0.1 /webapp/index.php/admin/goods/showlist
ERR: 无法加载数据库驱动: Think\Db\Driver\

[ 2017-12-21T14:35:56+08:00 ] 127.0.0.1 /Application/index.php/admin/goods/showlist
ERR: 无法加载数据库驱动: Think\Db\Driver\

[ 2017-12-21T14:36:28+08:00 ] 127.0.0.1 /application/index.php/admin/goods/showlist
ERR: 无法加载数据库驱动: Think\Db\Driver\

[ 2017-12-21T14:37:11+08:00 ] 127.0.0.1 /application/index.php/admin/goods/showlist
ERR: 无法加载数据库驱动: Think\Db\Driver\

[ 2017-12-21T14:37:19+08:00 ] 127.0.0.1 /Application/index.php/admin/goods/showlist
ERR: 无法加载数据库驱动: Think\Db\Driver\

[ 2017-12-21T14:37:47+08:00 ] 127.0.0.1 /index.php/admin/goods/showlist
INFO: [ app_init ] --START--
INFO: Run Behavior\BuildLiteBehavior [ RunTime:0.000031s ]
INFO: [ app_init ] --END-- [ RunTime:0.000383s ]
INFO: [ app_begin ] --START--
INFO: Run Behavior\ReadHtmlCacheBehavior [ RunTime:0.000385s ]
INFO: [ app_begin ] --END-- [ RunTime:0.000478s ]
SQL: SHOW COLUMNS FROM `tp_goodsinfo` [ RunTime:0.0318s ]
INFO: [ view_parse ] --START--
INFO: [ template_filter ] --START--
INFO: Run Behavior\ContentReplaceBehavior [ RunTime:0.000055s ]
INFO: [ template_filter ] --END-- [ RunTime:0.000163s ]
INFO: Run Behavior\ParseTemplateBehavior [ RunTime:0.007143s ]
INFO: [ view_parse ] --END-- [ RunTime:0.007295s ]
INFO: [ view_filter ] --START--
INFO: Run Behavior\WriteHtmlCacheBehavior [ RunTime:0.000404s ]
INFO: [ view_filter ] --END-- [ RunTime:0.000525s ]
NOTIC: [2] Cannot modify header information - headers already sent by (output started at D:\php7tpsite\ThinkPHP\Common\functions.php:850) D:\php7tpsite\ThinkPHP\Library\Think\View.class.php 第 91 行.
NOTIC: [2] Cannot modify header information - headers already sent by (output started at D:\php7tpsite\ThinkPHP\Common\functions.php:850) D:\php7tpsite\ThinkPHP\Library\Think\View.class.php 第 92 行.
NOTIC: [2] Cannot modify header information - headers already sent by (output started at D:\php7tpsite\ThinkPHP\Common\functions.php:850) D:\php7tpsite\ThinkPHP\Library\Think\View.class.php 第 93 行.
INFO: [ app_end ] --START--
INFO: Run Behavior\ShowPageTraceBehavior [ RunTime:0.000630s ]
INFO: [ app_end ] --END-- [ RunTime:0.000768s ]

[ 2017-12-21T14:37:59+08:00 ] 127.0.0.1 /index.php/admin/goods/showlist
INFO: [ app_init ] --START--
INFO: Run Behavior\BuildLiteBehavior [ RunTime:0.000020s ]
INFO: [ app_init ] --END-- [ RunTime:0.000319s ]
INFO: [ app_begin ] --START--
INFO: Run Behavior\ReadHtmlCacheBehavior [ RunTime:0.000389s ]
INFO: [ app_begin ] --END-- [ RunTime:0.000481s ]
SQL: SHOW COLUMNS FROM `tp_goodsinfo` [ RunTime:0.0268s ]
INFO: [ view_parse ] --START--
INFO: [ template_filter ] --START--
INFO: Run Behavior\ContentReplaceBehavior [ RunTime:0.000088s ]
INFO: [ template_filter ] --END-- [ RunTime:0.000277s ]
INFO: Run Behavior\ParseTemplateBehavior [ RunTime:0.007609s ]
INFO: [ view_parse ] --END-- [ RunTime:0.007759s ]
INFO: [ view_filter ] --START--
INFO: Run Behavior\WriteHtmlCacheBehavior [ RunTime:0.000279s ]
INFO: [ view_filter ] --END-- [ RunTime:0.000369s ]
NOTIC: [2] Cannot modify header information - headers already sent by (output started at D:\php7tpsite\ThinkPHP\Common\functions.php:850) D:\php7tpsite\ThinkPHP\Library\Think\View.class.php 第 91 行.
NOTIC: [2] Cannot modify header information - headers already sent by (output started at D:\php7tpsite\ThinkPHP\Common\functions.php:850) D:\php7tpsite\ThinkPHP\Library\Think\View.class.php 第 92 行.
NOTIC: [2] Cannot modify header information - headers already sent by (output started at D:\php7tpsite\ThinkPHP\Common\functions.php:850) D:\php7tpsite\ThinkPHP\Library\Think\View.class.php 第 93 行.
INFO: [ app_end ] --START--
INFO: Run Behavior\ShowPageTraceBehavior [ RunTime:0.000472s ]
INFO: [ app_end ] --END-- [ RunTime:0.000601s ]

[ 2017-12-21T14:39:20+08:00 ] 127.0.0.1 /index.php/admin/goods/showlist
INFO: [ app_init ] --START--
INFO: Run Behavior\BuildLiteBehavior [ RunTime:0.000037s ]
INFO: [ app_init ] --END-- [ RunTime:0.000590s ]
INFO: [ app_begin ] --START--
INFO: Run Behavior\ReadHtmlCacheBehavior [ RunTime:0.000594s ]
INFO: [ app_begin ] --END-- [ RunTime:0.000774s ]
SQL: SHOW COLUMNS FROM `tp_goodsinfo` [ RunTime:0.0133s ]
INFO: [ app_end ] --START--
INFO: Run Behavior\ShowPageTraceBehavior [ RunTime:0.000641s ]
INFO: [ app_end ] --END-- [ RunTime:0.000830s ]

[ 2017-12-21T14:41:56+08:00 ] 127.0.0.1 /index.php/admin/goods/showlist
INFO: [ app_init ] --START--
INFO: Run Behavior\BuildLiteBehavior [ RunTime:0.000025s ]
INFO: [ app_init ] --END-- [ RunTime:0.000410s ]
INFO: [ app_begin ] --START--
INFO: Run Behavior\ReadHtmlCacheBehavior [ RunTime:0.000467s ]
INFO: [ app_begin ] --END-- [ RunTime:0.000579s ]
SQL: SHOW COLUMNS FROM `tp_goodsinfo` [ RunTime:0.0146s ]
INFO: [ app_end ] --START--
INFO: Run Behavior\ShowPageTraceBehavior [ RunTime:0.000923s ]
INFO: [ app_end ] --END-- [ RunTime:0.001167s ]

[ 2017-12-21T14:41:57+08:00 ] 127.0.0.1 /index.php/admin/goods/showlist
INFO: [ app_init ] --START--
INFO: Run Behavior\BuildLiteBehavior [ RunTime:0.000047s ]
INFO: [ app_init ] --END-- [ RunTime:0.000693s ]
INFO: [ app_begin ] --START--
INFO: Run Behavior\ReadHtmlCacheBehavior [ RunTime:0.000757s ]
INFO: [ app_begin ] --END-- [ RunTime:0.000986s ]
SQL: SHOW COLUMNS FROM `tp_goodsinfo` [ RunTime:0.0148s ]
INFO: [ app_end ] --START--
INFO: Run Behavior\ShowPageTraceBehavior [ RunTime:0.001285s ]
INFO: [ app_end ] --END-- [ RunTime:0.001676s ]

[ 2017-12-21T14:41:57+08:00 ] 127.0.0.1 /index.php/admin/goods/showlist
INFO: [ app_init ] --START--
INFO: Run Behavior\BuildLiteBehavior [ RunTime:0.000037s ]
INFO: [ app_init ] --END-- [ RunTime:0.000557s ]
INFO: [ app_begin ] --START--
INFO: Run Behavior\ReadHtmlCacheBehavior [ RunTime:0.000571s ]
INFO: [ app_begin ] --END-- [ RunTime:0.000773s ]
SQL: SHOW COLUMNS FROM `tp_goodsinfo` [ RunTime:0.0251s ]
INFO: [ app_end ] --START--
INFO: Run Behavior\ShowPageTraceBehavior [ RunTime:0.001071s ]
INFO: [ app_end ] --END-- [ RunTime:0.001410s ]

[ 2017-12-21T14:41:57+08:00 ] 127.0.0.1 /index.php/admin/goods/showlist
INFO: [ app_init ] --START--
INFO: Run Behavior\BuildLiteBehavior [ RunTime:0.000026s ]
INFO: [ app_init ] --END-- [ RunTime:0.000373s ]
INFO: [ app_begin ] --START--
INFO: Run Behavior\ReadHtmlCacheBehavior [ RunTime:0.000390s ]
INFO: [ app_begin ] --END-- [ RunTime:0.000539s ]
SQL: SHOW COLUMNS FROM `tp_goodsinfo` [ RunTime:0.0158s ]
INFO: [ app_end ] --START--
INFO: Run Behavior\ShowPageTraceBehavior [ RunTime:0.000650s ]
INFO: [ app_end ] --END-- [ RunTime:0.000921s ]

[ 2017-12-21T14:42:05+08:00 ] 127.0.0.1 /index.php/admin/goods/showlist
INFO: [ app_init ] --START--
INFO: Run Behavior\BuildLiteBehavior [ RunTime:0.000028s ]
INFO: [ app_init ] --END-- [ RunTime:0.000465s ]
INFO: [ app_begin ] --START--
INFO: Run Behavior\ReadHtmlCacheBehavior [ RunTime:0.000553s ]
INFO: [ app_begin ] --END-- [ RunTime:0.000692s ]
NOTIC: [8] Undefined variable: model D:\php7tpsite\Application\Admin\Controller\GoodsController.class.php 第 11 行.
INFO: [ app_end ] --START--
INFO: Run Behavior\ShowPageTraceBehavior [ RunTime:0.000551s ]
INFO: [ app_end ] --END-- [ RunTime:0.000686s ]

[ 2017-12-21T14:42:11+08:00 ] 127.0.0.1 /index.php/admin/goods/showlist
INFO: [ app_init ] --START--
INFO: Run Behavior\BuildLiteBehavior [ RunTime:0.000022s ]
INFO: [ app_init ] --END-- [ RunTime:0.000340s ]
INFO: [ app_begin ] --START--
INFO: Run Behavior\ReadHtmlCacheBehavior [ RunTime:0.000538s ]
INFO: [ app_begin ] --END-- [ RunTime:0.000699s ]
SQL: SHOW COLUMNS FROM `tp_goodsinfo` [ RunTime:0.0191s ]
INFO: [ app_end ] --START--
INFO: Run Behavior\ShowPageTraceBehavior [ RunTime:0.000607s ]
INFO: [ app_end ] --END-- [ RunTime:0.000787s ]

[ 2017-12-21T14:43:23+08:00 ] 127.0.0.1 /index.php/admin/goods/showlist
INFO: [ app_init ] --START--
INFO: Run Behavior\BuildLiteBehavior [ RunTime:0.000035s ]
INFO: [ app_init ] --END-- [ RunTime:0.000478s ]
INFO: [ app_begin ] --START--
INFO: Run Behavior\ReadHtmlCacheBehavior [ RunTime:0.000335s ]
INFO: [ app_begin ] --END-- [ RunTime:0.000428s ]
SQL: SHOW COLUMNS FROM `tp_goodsinfo` [ RunTime:0.0638s ]
INFO: [ app_end ] --START--
INFO: Run Behavior\ShowPageTraceBehavior [ RunTime:0.001793s ]
INFO: [ app_end ] --END-- [ RunTime:0.002458s ]

[ 2017-12-21T14:43:24+08:00 ] 127.0.0.1 /index.php/admin/goods/showlist
INFO: [ app_init ] --START--
INFO: Run Behavior\BuildLiteBehavior [ RunTime:0.000058s ]
INFO: [ app_init ] --END-- [ RunTime:0.000887s ]
INFO: [ app_begin ] --START--
INFO: Run Behavior\ReadHtmlCacheBehavior [ RunTime:0.001110s ]
INFO: [ app_begin ] --END-- [ RunTime:0.001425s ]
SQL: SHOW COLUMNS FROM `tp_goodsinfo` [ RunTime:0.0294s ]
INFO: [ app_end ] --START--
INFO: Run Behavior\ShowPageTraceBehavior [ RunTime:0.000865s ]
INFO: [ app_end ] --END-- [ RunTime:0.001122s ]

[ 2017-12-21T14:43:24+08:00 ] 127.0.0.1 /index.php/admin/goods/showlist
INFO: [ app_init ] --START--
INFO: Run Behavior\BuildLiteBehavior [ RunTime:0.000035s ]
INFO: [ app_init ] --END-- [ RunTime:0.000513s ]
INFO: [ app_begin ] --START--
INFO: Run Behavior\ReadHtmlCacheBehavior [ RunTime:0.000536s ]
INFO: [ app_begin ] --END-- [ RunTime:0.000714s ]
SQL: SHOW COLUMNS FROM `tp_goodsinfo` [ RunTime:0.0052s ]
INFO: [ app_end ] --START--
INFO: Run Behavior\ShowPageTraceBehavior [ RunTime:0.000651s ]
INFO: [ app_end ] --END-- [ RunTime:0.000970s ]

[ 2017-12-21T14:43:25+08:00 ] 127.0.0.1 /index.php/admin/goods/showlist
INFO: [ app_init ] --START--
INFO: Run Behavior\BuildLiteBehavior [ RunTime:0.000078s ]
INFO: [ app_init ] --END-- [ RunTime:0.000965s ]
INFO: [ app_begin ] --START--
INFO: Run Behavior\ReadHtmlCacheBehavior [ RunTime:0.000684s ]
INFO: [ app_begin ] --END-- [ RunTime:0.000896s ]
SQL: SHOW COLUMNS FROM `tp_goodsinfo` [ RunTime:0.1412s ]
INFO: [ app_end ] --START--
INFO: Run Behavior\ShowPageTraceBehavior [ RunTime:0.000742s ]
INFO: [ app_end ] --END-- [ RunTime:0.000936s ]

[ 2017-12-21T14:43:25+08:00 ] 127.0.0.1 /index.php/admin/goods/showlist
INFO: [ app_init ] --START--
INFO: Run Behavior\BuildLiteBehavior [ RunTime:0.000036s ]
INFO: [ app_init ] --END-- [ RunTime:0.000575s ]
INFO: [ app_begin ] --START--
INFO: Run Behavior\ReadHtmlCacheBehavior [ RunTime:0.000635s ]
INFO: [ app_begin ] --END-- [ RunTime:0.000816s ]
SQL: SHOW COLUMNS FROM `tp_goodsinfo` [ RunTime:0.0104s ]
INFO: [ app_end ] --START--
INFO: Run Behavior\ShowPageTraceBehavior [ RunTime:0.000572s ]
INFO: [ app_end ] --END-- [ RunTime:0.000756s ]

[ 2017-12-21T14:43:25+08:00 ] 127.0.0.1 /index.php/admin/goods/showlist
INFO: [ app_init ] --START--
INFO: Run Behavior\BuildLiteBehavior [ RunTime:0.000028s ]
INFO: [ app_init ] --END-- [ RunTime:0.000430s ]
INFO: [ app_begin ] --START--
INFO: Run Behavior\ReadHtmlCacheBehavior [ RunTime:0.000427s ]
INFO: [ app_begin ] --END-- [ RunTime:0.000550s ]
SQL: SHOW COLUMNS FROM `tp_goodsinfo` [ RunTime:0.0045s ]
INFO: [ app_end ] --START--
INFO: Run Behavior\ShowPageTraceBehavior [ RunTime:0.000676s ]
INFO: [ app_end ] --END-- [ RunTime:0.000870s ]

[ 2017-12-21T14:43:25+08:00 ] 127.0.0.1 /index.php/admin/goods/showlist
INFO: [ app_init ] --START--
INFO: Run Behavior\BuildLiteBehavior [ RunTime:0.000058s ]
INFO: [ app_init ] --END-- [ RunTime:0.000863s ]
INFO: [ app_begin ] --START--
INFO: Run Behavior\ReadHtmlCacheBehavior [ RunTime:0.000998s ]
INFO: [ app_begin ] --END-- [ RunTime:0.001216s ]
SQL: SHOW COLUMNS FROM `tp_goodsinfo` [ RunTime:0.0085s ]
INFO: [ app_end ] --START--
INFO: Run Behavior\ShowPageTraceBehavior [ RunTime:0.000930s ]
INFO: [ app_end ] --END-- [ RunTime:0.001234s ]

[ 2017-12-21T14:43:25+08:00 ] 127.0.0.1 /index.php/admin/goods/showlist
INFO: [ app_init ] --START--
INFO: Run Behavior\BuildLiteBehavior [ RunTime:0.000042s ]
INFO: [ app_init ] --END-- [ RunTime:0.000619s ]
INFO: [ app_begin ] --START--
INFO: Run Behavior\ReadHtmlCacheBehavior [ RunTime:0.000646s ]
INFO: [ app_begin ] --END-- [ RunTime:0.000847s ]
SQL: SHOW COLUMNS FROM `tp_goodsinfo` [ RunTime:0.0133s ]
INFO: [ app_end ] --START--
INFO: Run Behavior\ShowPageTraceBehavior [ RunTime:0.000774s ]
INFO: [ app_end ] --END-- [ RunTime:0.001017s ]

[ 2017-12-21T14:43:26+08:00 ] 127.0.0.1 /index.php/admin/goods/showlist
INFO: [ app_init ] --START--
INFO: Run Behavior\BuildLiteBehavior [ RunTime:0.000019s ]
INFO: [ app_init ] --END-- [ RunTime:0.000299s ]
INFO: [ app_begin ] --START--
INFO: Run Behavior\ReadHtmlCacheBehavior [ RunTime:0.000305s ]
INFO: [ app_begin ] --END-- [ RunTime:0.000396s ]
SQL: SHOW COLUMNS FROM `tp_goodsinfo` [ RunTime:0.0120s ]
INFO: [ app_end ] --START--
INFO: Run Behavior\ShowPageTraceBehavior [ RunTime:0.000641s ]
INFO: [ app_end ] --END-- [ RunTime:0.000832s ]

[ 2017-12-21T14:45:32+08:00 ] 127.0.0.1 /index.php/admin/goods/showlist
INFO: [ app_init ] --START--
INFO: Run Behavior\BuildLiteBehavior [ RunTime:0.000066s ]
INFO: [ app_init ] --END-- [ RunTime:0.000963s ]
INFO: [ app_begin ] --START--
INFO: Run Behavior\ReadHtmlCacheBehavior [ RunTime:0.000678s ]
INFO: [ app_begin ] --END-- [ RunTime:0.000840s ]
SQL: SHOW COLUMNS FROM `tp_goodsinfo` [ RunTime:0.0157s ]
INFO: [ app_end ] --START--
INFO: Run Behavior\ShowPageTraceBehavior [ RunTime:0.000687s ]
INFO: [ app_end ] --END-- [ RunTime:0.000855s ]

[ 2017-12-21T14:45:32+08:00 ] 127.0.0.1 /index.php/admin/goods/showlist
INFO: [ app_init ] --START--
INFO: Run Behavior\BuildLiteBehavior [ RunTime:0.000037s ]
INFO: [ app_init ] --END-- [ RunTime:0.000559s ]
INFO: [ app_begin ] --START--
INFO: Run Behavior\ReadHtmlCacheBehavior [ RunTime:0.000739s ]
INFO: [ app_begin ] --END-- [ RunTime:0.000916s ]
SQL: SHOW COLUMNS FROM `tp_goodsinfo` [ RunTime:0.0098s ]
INFO: [ app_end ] --START--
INFO: Run Behavior\ShowPageTraceBehavior [ RunTime:0.001031s ]
INFO: [ app_end ] --END-- [ RunTime:0.001561s ]

[ 2017-12-21T15:13:28+08:00 ] 127.0.0.1 /index.php/admin/goods/addgoods
INFO: [ app_init ] --START--
INFO: Run Behavior\BuildLiteBehavior [ RunTime:0.000031s ]
INFO: [ app_init ] --END-- [ RunTime:0.000372s ]
INFO: [ app_begin ] --START--
INFO: Run Behavior\ReadHtmlCacheBehavior [ RunTime:0.000395s ]
INFO: [ app_begin ] --END-- [ RunTime:0.000490s ]

[ 2017-12-21T16:42:00+08:00 ] 127.0.0.1 /application/index.php/admin/goods/ajaxgoods
ERR: 非法操作:ajaxgoods

[ 2017-12-21T16:43:55+08:00 ] 127.0.0.1 /application/index.php/admin/ajax/%7B:U(%22addgoods%22)%7D
ERR: 非法操作:{:u("addgoods")}

[ 2017-12-21T16:43:56+08:00 ] 127.0.0.1 /application/index.php/admin/ajax/%7B:U(%22addgoods%22)%7D
ERR: 非法操作:{:u("addgoods")}

[ 2017-12-21T16:43:59+08:00 ] 127.0.0.1 /application/index.php/admin/ajax/%7B:U(%22addgoods%22)%7D
ERR: 非法操作:{:u("addgoods")}

[ 2017-12-21T16:44:00+08:00 ] 127.0.0.1 /application/index.php/admin/ajax/%7B:U(%22addgoods%22)%7D
ERR: 非法操作:{:u("addgoods")}

[ 2017-12-21T16:44:00+08:00 ] 127.0.0.1 /application/index.php/admin/ajax/%7B:U(%22addgoods%22)%7D
ERR: 非法操作:{:u("addgoods")}

[ 2017-12-21T16:44:00+08:00 ] 127.0.0.1 /application/index.php/admin/ajax/%7B:U(%22addgoods%22)%7D
ERR: 非法操作:{:u("addgoods")}

[ 2017-12-21T16:44:00+08:00 ] 127.0.0.1 /application/index.php/admin/ajax/%7B:U(%22addgoods%22)%7D
ERR: 非法操作:{:u("addgoods")}

[ 2017-12-21T16:44:01+08:00 ] 127.0.0.1 /application/index.php/admin/ajax/%7B:U(%22addgoods%22)%7D
ERR: 非法操作:{:u("addgoods")}

[ 2017-12-21T16:44:01+08:00 ] 127.0.0.1 /application/index.php/admin/ajax/%7B:U(%22addgoods%22)%7D
ERR: 非法操作:{:u("addgoods")}

[ 2017-12-21T16:44:01+08:00 ] 127.0.0.1 /application/index.php/admin/ajax/%7B:U(%22addgoods%22)%7D
ERR: 非法操作:{:u("addgoods")}

[ 2017-12-21T16:44:01+08:00 ] 127.0.0.1 /application/index.php/admin/ajax/%7B:U(%22addgoods%22)%7D
ERR: 非法操作:{:u("addgoods")}

[ 2017-12-21T16:44:02+08:00 ] 127.0.0.1 /application/index.php/admin/ajax/%7B:U(%22addgoods%22)%7D
ERR: 非法操作:{:u("addgoods")}

[ 2017-12-21T16:44:07+08:00 ] 127.0.0.1 /application/index.php/admin/ajax/%7B:U(%22addgoods%22)%7D
ERR: 非法操作:{:u("addgoods")}

[ 2017-12-21T16:44:54+08:00 ] 127.0.0.1 /application/index.php/admin/ajax/%7B:U(%22addgoods%22)%7D
ERR: 非法操作:{:u("addgoods")}

[ 2017-12-21T16:44:54+08:00 ] 127.0.0.1 /application/index.php/admin/ajax/%7B:U(%22addgoods%22)%7D
ERR: 非法操作:{:u("addgoods")}

[ 2017-12-21T16:44:55+08:00 ] 127.0.0.1 /application/index.php/admin/ajax/%7B:U(%22addgoods%22)%7D
ERR: 非法操作:{:u("addgoods")}

[ 2017-12-21T16:44:55+08:00 ] 127.0.0.1 /application/index.php/admin/ajax/%7B:U(%22addgoods%22)%7D
ERR: 非法操作:{:u("addgoods")}

[ 2017-12-21T16:44:55+08:00 ] 127.0.0.1 /application/index.php/admin/ajax/%7B:U(%22addgoods%22)%7D
ERR: 非法操作:{:u("addgoods")}

[ 2017-12-21T16:44:55+08:00 ] 127.0.0.1 /application/index.php/admin/ajax/%7B:U(%22addgoods%22)%7D
ERR: 非法操作:{:u("addgoods")}

[ 2017-12-21T16:47:12+08:00 ] 127.0.0.1 /application/index.php/admin/ajax/%7B:U(%22addgoods%22)%7D
ERR: 非法操作:{:u("addgoods")}

[ 2017-12-21T16:47:53+08:00 ] 127.0.0.1 /application/index.php/admin/ajax/%7B:U(%22addgoods%22)%7D
ERR: 非法操作:{:u("addgoods")}

[ 2017-12-21T16:47:57+08:00 ] 127.0.0.1 /application/index.php/admin/ajax/%7B:U(%22addgoods%22)%7D
ERR: 非法操作:{:u("addgoods")}

[ 2017-12-21T16:49:42+08:00 ] 127.0.0.1 /index.php/admin/ajax/ajaxgoods
INFO: [ app_init ] --START--
INFO: Run Behavior\BuildLiteBehavior [ RunTime:0.000022s ]
INFO: [ app_init ] --END-- [ RunTime:0.000352s ]
INFO: [ app_begin ] --START--
INFO: Run Behavior\ReadHtmlCacheBehavior [ RunTime:0.000408s ]
INFO: [ app_begin ] --END-- [ RunTime:0.000505s ]
INFO: [ view_parse ] --START--
INFO: [ template_filter ] --START--
INFO: Run Behavior\ContentReplaceBehavior [ RunTime:0.000056s ]
INFO: [ template_filter ] --END-- [ RunTime:0.000184s ]
INFO: Run Behavior\ParseTemplateBehavior [ RunTime:0.018448s ]
INFO: [ view_parse ] --END-- [ RunTime:0.018568s ]
INFO: [ view_filter ] --START--
INFO: Run Behavior\WriteHtmlCacheBehavior [ RunTime:0.000258s ]
INFO: [ view_filter ] --END-- [ RunTime:0.000344s ]
INFO: [ app_end ] --START--
INFO: Run Behavior\ShowPageTraceBehavior [ RunTime:0.000378s ]
INFO: [ app_end ] --END-- [ RunTime:0.000503s ]

[ 2017-12-21T16:50:08+08:00 ] 127.0.0.1 /index.php/admin/ajax/%7B:U(%22addgoods%22)%7D
INFO: [ app_init ] --START--
INFO: Run Behavior\BuildLiteBehavior [ RunTime:0.000021s ]
INFO: [ app_init ] --END-- [ RunTime:0.000317s ]
INFO: [ app_begin ] --START--
INFO: Run Behavior\ReadHtmlCacheBehavior [ RunTime:0.000543s ]
INFO: [ app_begin ] --END-- [ RunTime:0.000640s ]
ERR: 非法操作:{:U("addgoods")}

[ 2017-12-21T16:51:49+08:00 ] 127.0.0.1 /index.php/admin/ajax/ajaxgoods
INFO: [ app_init ] --START--
INFO: Run Behavior\BuildLiteBehavior [ RunTime:0.000059s ]
INFO: [ app_init ] --END-- [ RunTime:0.001107s ]
INFO: [ app_begin ] --START--
INFO: Run Behavior\ReadHtmlCacheBehavior [ RunTime:0.000552s ]
INFO: [ app_begin ] --END-- [ RunTime:0.000686s ]
INFO: [ view_parse ] --START--
INFO: [ template_filter ] --START--
INFO: Run Behavior\ContentReplaceBehavior [ RunTime:0.000058s ]
INFO: [ template_filter ] --END-- [ RunTime:0.000162s ]
INFO: Run Behavior\ParseTemplateBehavior [ RunTime:0.022800s ]
INFO: [ view_parse ] --END-- [ RunTime:0.022981s ]
INFO: [ view_filter ] --START--
INFO: Run Behavior\WriteHtmlCacheBehavior [ RunTime:0.000327s ]
INFO: [ view_filter ] --END-- [ RunTime:0.000414s ]
INFO: [ app_end ] --START--
INFO: Run Behavior\ShowPageTraceBehavior [ RunTime:0.000388s ]
INFO: [ app_end ] --END-- [ RunTime:0.000477s ]

[ 2017-12-21T16:52:00+08:00 ] 127.0.0.1 /index.php/admin/ajax/%7B:U(%22ajax/addgoods%22)%7D
INFO: [ app_init ] --START--
INFO: Run Behavior\BuildLiteBehavior [ RunTime:0.000022s ]
INFO: [ app_init ] --END-- [ RunTime:0.000313s ]
INFO: [ app_begin ] --START--
INFO: Run Behavior\ReadHtmlCacheBehavior [ RunTime:0.000401s ]
INFO: [ app_begin ] --END-- [ RunTime:0.000493s ]
ERR: 非法操作:{:U("ajax

[ 2017-12-21T16:55:47+08:00 ] 127.0.0.1 /index.php/admin/ajax/ajaxgoods
INFO: [ app_init ] --START--
INFO: Run Behavior\BuildLiteBehavior [ RunTime:0.000021s ]
INFO: [ app_init ] --END-- [ RunTime:0.000330s ]
INFO: [ app_begin ] --START--
INFO: Run Behavior\ReadHtmlCacheBehavior [ RunTime:0.000386s ]
INFO: [ app_begin ] --END-- [ RunTime:0.000478s ]
INFO: [ view_parse ] --START--
INFO: [ template_filter ] --START--
INFO: Run Behavior\ContentReplaceBehavior [ RunTime:0.000059s ]
INFO: [ template_filter ] --END-- [ RunTime:0.000162s ]
INFO: Run Behavior\ParseTemplateBehavior [ RunTime:0.018577s ]
INFO: [ view_parse ] --END-- [ RunTime:0.018693s ]
INFO: [ view_filter ] --START--
INFO: Run Behavior\WriteHtmlCacheBehavior [ RunTime:0.000270s ]
INFO: [ view_filter ] --END-- [ RunTime:0.000355s ]
INFO: [ app_end ] --START--
INFO: Run Behavior\ShowPageTraceBehavior [ RunTime:0.000382s ]
INFO: [ app_end ] --END-- [ RunTime:0.000470s ]

[ 2017-12-21T16:56:02+08:00 ] 127.0.0.1 /index.php/admin/ajax/addgoods
INFO: [ app_init ] --START--
INFO: Run Behavior\BuildLiteBehavior [ RunTime:0.000021s ]
INFO: [ app_init ] --END-- [ RunTime:0.000314s ]
INFO: [ app_begin ] --START--
INFO: Run Behavior\ReadHtmlCacheBehavior [ RunTime:0.000410s ]
INFO: [ app_begin ] --END-- [ RunTime:0.000498s ]
SQL: INSERT INTO `tp_goodsinfo` (`typeid`,`pname`,`price`,`pcount`) VALUES ('0','人造卫星','50000','2') [ RunTime:0.0318s ]

[ 2017-12-21T16:58:12+08:00 ] 127.0.0.1 /index.php/admin/ajax/addgoods
INFO: [ app_init ] --START--
INFO: Run Behavior\BuildLiteBehavior [ RunTime:0.000029s ]
INFO: [ app_init ] --END-- [ RunTime:0.000375s ]
INFO: [ app_begin ] --START--
INFO: Run Behavior\ReadHtmlCacheBehavior [ RunTime:0.000716s ]
INFO: [ app_begin ] --END-- [ RunTime:0.000886s ]
SQL: INSERT INTO `tp_goodsinfo` (`typeid`,`pname`,`price`,`pcount`) VALUES ('1','摩托','50000','2') [ RunTime:0.0383s ]

[ 2017-12-21T17:01:58+08:00 ] 127.0.0.1 /index.php/admin/ajax/addgoods
INFO: [ app_init ] --START--
INFO: Run Behavior\BuildLiteBehavior [ RunTime:0.000085s ]
INFO: [ app_init ] --END-- [ RunTime:0.000575s ]
INFO: [ app_begin ] --START--
INFO: Run Behavior\ReadHtmlCacheBehavior [ RunTime:0.000488s ]
INFO: [ app_begin ] --END-- [ RunTime:0.000587s ]
SQL: INSERT INTO `tp_goodsinfo` (`typeid`,`pname`,`price`,`pcount`) VALUES ('1','摩托','50000','2') [ RunTime:0.0383s ]

[ 2017-12-21T17:02:15+08:00 ] 127.0.0.1 /index.php/admin/ajax/addgoods
INFO: [ app_init ] --START--
INFO: Run Behavior\BuildLiteBehavior [ RunTime:0.000023s ]
INFO: [ app_init ] --END-- [ RunTime:0.000348s ]
INFO: [ app_begin ] --START--
INFO: Run Behavior\ReadHtmlCacheBehavior [ RunTime:0.000409s ]
INFO: [ app_begin ] --END-- [ RunTime:0.000499s ]
SQL: INSERT INTO `tp_goodsinfo` (`typeid`,`pname`,`price`,`pcount`) VALUES ('1','宝宝','1.2E+16','5') [ RunTime:0.0378s ]

[ 2017-12-21T17:10:56+08:00 ] 127.0.0.1 /index.php/admin/goods/showlist
INFO: [ app_init ] --START--
INFO: Run Behavior\BuildLiteBehavior [ RunTime:0.000020s ]
INFO: [ app_init ] --END-- [ RunTime:0.000328s ]
INFO: [ app_begin ] --START--
INFO: Run Behavior\ReadHtmlCacheBehavior [ RunTime:0.000396s ]
INFO: [ app_begin ] --END-- [ RunTime:0.000488s ]
SQL: SELECT * FROM `tp_goodsinfo`  [ RunTime:0.0003s ]
INFO: [ view_parse ] --START--
INFO: [ template_filter ] --START--
INFO: Run Behavior\ContentReplaceBehavior [ RunTime:0.000052s ]
INFO: [ template_filter ] --END-- [ RunTime:0.000148s ]
INFO: Run Behavior\ParseTemplateBehavior [ RunTime:0.020315s ]
INFO: [ view_parse ] --END-- [ RunTime:0.020431s ]
INFO: [ view_filter ] --START--
INFO: Run Behavior\WriteHtmlCacheBehavior [ RunTime:0.000256s ]
INFO: [ view_filter ] --END-- [ RunTime:0.000350s ]
INFO: [ app_end ] --START--
INFO: Run Behavior\ShowPageTraceBehavior [ RunTime:0.000373s ]
INFO: [ app_end ] --END-- [ RunTime:0.000461s ]

[ 2017-12-21T17:12:07+08:00 ] 127.0.0.1 /index.php/admin/goods/showlist
INFO: [ app_init ] --START--
INFO: Run Behavior\BuildLiteBehavior [ RunTime:0.000034s ]
INFO: [ app_init ] --END-- [ RunTime:0.000503s ]
INFO: [ app_begin ] --START--
INFO: Run Behavior\ReadHtmlCacheBehavior [ RunTime:0.000519s ]
INFO: [ app_begin ] --END-- [ RunTime:0.000676s ]
SQL: SELECT * FROM `tp_goodsinfo`  [ RunTime:0.0004s ]
INFO: [ view_parse ] --START--
INFO: [ template_filter ] --START--
INFO: Run Behavior\ContentReplaceBehavior [ RunTime:0.000052s ]
INFO: [ template_filter ] --END-- [ RunTime:0.000145s ]
INFO: Run Behavior\ParseTemplateBehavior [ RunTime:0.005748s ]
INFO: [ view_parse ] --END-- [ RunTime:0.005865s ]
INFO: [ view_filter ] --START--
INFO: Run Behavior\WriteHtmlCacheBehavior [ RunTime:0.000275s ]
INFO: [ view_filter ] --END-- [ RunTime:0.000395s ]
INFO: [ app_end ] --START--
INFO: Run Behavior\ShowPageTraceBehavior [ RunTime:0.000539s ]
INFO: [ app_end ] --END-- [ RunTime:0.000690s ]

[ 2017-12-21T17:14:20+08:00 ] 127.0.0.1 /index.php/admin/ajax/goodlist
INFO: [ app_init ] --START--
INFO: Run Behavior\BuildLiteBehavior [ RunTime:0.000021s ]
INFO: [ app_init ] --END-- [ RunTime:0.000357s ]
INFO: [ app_begin ] --START--
INFO: Run Behavior\ReadHtmlCacheBehavior [ RunTime:0.000407s ]
INFO: [ app_begin ] --END-- [ RunTime:0.000503s ]
ERR: 非法操作:goodlist

[ 2017-12-21T17:14:27+08:00 ] 127.0.0.1 /index.php/admin/ajax/goodslist
INFO: [ app_init ] --START--
INFO: Run Behavior\BuildLiteBehavior [ RunTime:0.000021s ]
INFO: [ app_init ] --END-- [ RunTime:0.000303s ]
INFO: [ app_begin ] --START--
INFO: Run Behavior\ReadHtmlCacheBehavior [ RunTime:0.000312s ]
INFO: [ app_begin ] --END-- [ RunTime:0.000417s ]
SQL: SELECT * FROM `tp_goodsinfo`  [ RunTime:0.0003s ]
INFO: [ view_parse ] --START--
INFO: [ template_filter ] --START--
INFO: Run Behavior\ContentReplaceBehavior [ RunTime:0.000096s ]
INFO: [ template_filter ] --END-- [ RunTime:0.000280s ]
INFO: Run Behavior\ParseTemplateBehavior [ RunTime:0.019481s ]
INFO: [ view_parse ] --END-- [ RunTime:0.019623s ]
INFO: [ view_filter ] --START--
INFO: Run Behavior\WriteHtmlCacheBehavior [ RunTime:0.000442s ]
INFO: [ view_filter ] --END-- [ RunTime:0.000761s ]
INFO: [ app_end ] --START--
INFO: Run Behavior\ShowPageTraceBehavior [ RunTime:0.000797s ]
INFO: [ app_end ] --END-- [ RunTime:0.000922s ]

[ 2017-12-21T17:14:36+08:00 ] 127.0.0.1 /index.php/Admin/Ajax/goodsupdate/pid/10
INFO: [ app_init ] --START--
INFO: Run Behavior\BuildLiteBehavior [ RunTime:0.000021s ]
INFO: [ app_init ] --END-- [ RunTime:0.000311s ]
INFO: [ app_begin ] --START--
INFO: Run Behavior\ReadHtmlCacheBehavior [ RunTime:0.000313s ]
INFO: [ app_begin ] --END-- [ RunTime:0.000408s ]
INFO: [ app_end ] --START--
INFO: Run Behavior\ShowPageTraceBehavior [ RunTime:0.000318s ]
INFO: [ app_end ] --END-- [ RunTime:0.000410s ]

[ 2017-12-21T17:16:23+08:00 ] 127.0.0.1 /index.php/Admin/Ajax/goodsupdate/pid/1
INFO: [ app_init ] --START--
INFO: Run Behavior\BuildLiteBehavior [ RunTime:0.000021s ]
INFO: [ app_init ] --END-- [ RunTime:0.000339s ]
INFO: [ app_begin ] --START--
INFO: Run Behavior\ReadHtmlCacheBehavior [ RunTime:0.000455s ]
INFO: [ app_begin ] --END-- [ RunTime:0.000580s ]
INFO: [ app_end ] --START--
INFO: Run Behavior\ShowPageTraceBehavior [ RunTime:0.000395s ]
INFO: [ app_end ] --END-- [ RunTime:0.000494s ]

[ 2017-12-21T17:16:28+08:00 ] 127.0.0.1 /index.php/admin/ajax/goodslist
INFO: [ app_init ] --START--
INFO: Run Behavior\BuildLiteBehavior [ RunTime:0.000086s ]
INFO: [ app_init ] --END-- [ RunTime:0.001328s ]
INFO: [ app_begin ] --START--
INFO: Run Behavior\ReadHtmlCacheBehavior [ RunTime:0.000930s ]
INFO: [ app_begin ] --END-- [ RunTime:0.001168s ]
SQL: SELECT * FROM `tp_goodsinfo`  [ RunTime:0.0008s ]
INFO: [ view_parse ] --START--
INFO: [ template_filter ] --START--
INFO: Run Behavior\ContentReplaceBehavior [ RunTime:0.000092s ]
INFO: [ template_filter ] --END-- [ RunTime:0.000263s ]
INFO: Run Behavior\ParseTemplateBehavior [ RunTime:0.013460s ]
INFO: [ view_parse ] --END-- [ RunTime:0.013747s ]
INFO: [ view_filter ] --START--
INFO: Run Behavior\WriteHtmlCacheBehavior [ RunTime:0.000418s ]
INFO: [ view_filter ] --END-- [ RunTime:0.000590s ]
INFO: [ app_end ] --START--
INFO: Run Behavior\ShowPageTraceBehavior [ RunTime:0.000523s ]
INFO: [ app_end ] --END-- [ RunTime:0.000672s ]

[ 2017-12-21T17:16:29+08:00 ] 127.0.0.1 /index.php/Admin/Ajax/goodsupdate/pid/3
INFO: [ app_init ] --START--
INFO: Run Behavior\BuildLiteBehavior [ RunTime:0.000022s ]
INFO: [ app_init ] --END-- [ RunTime:0.000313s ]
INFO: [ app_begin ] --START--
INFO: Run Behavior\ReadHtmlCacheBehavior [ RunTime:0.000313s ]
INFO: [ app_begin ] --END-- [ RunTime:0.000406s ]
INFO: [ app_end ] --START--
INFO: Run Behavior\ShowPageTraceBehavior [ RunTime:0.000402s ]
INFO: [ app_end ] --END-- [ RunTime:0.000547s ]

[ 2017-12-21T17:18:35+08:00 ] 127.0.0.1 /index.php/admin/ajax/goodslist
INFO: [ app_init ] --START--
INFO: Run Behavior\BuildLiteBehavior [ RunTime:0.000037s ]
INFO: [ app_init ] --END-- [ RunTime:0.000567s ]
INFO: [ app_begin ] --START--
INFO: Run Behavior\ReadHtmlCacheBehavior [ RunTime:0.000763s ]
INFO: [ app_begin ] --END-- [ RunTime:0.000977s ]
SQL: SELECT * FROM `tp_goodsinfo`  [ RunTime:0.0003s ]
INFO: [ view_parse ] --START--
INFO: [ template_filter ] --START--
INFO: Run Behavior\ContentReplaceBehavior [ RunTime:0.000059s ]
INFO: [ template_filter ] --END-- [ RunTime:0.000156s ]
INFO: Run Behavior\ParseTemplateBehavior [ RunTime:0.018026s ]
INFO: [ view_parse ] --END-- [ RunTime:0.018139s ]
INFO: [ view_filter ] --START--
INFO: Run Behavior\WriteHtmlCacheBehavior [ RunTime:0.000258s ]
INFO: [ view_filter ] --END-- [ RunTime:0.000344s ]
INFO: [ app_end ] --START--
INFO: Run Behavior\ShowPageTraceBehavior [ RunTime:0.000369s ]
INFO: [ app_end ] --END-- [ RunTime:0.000464s ]

[ 2017-12-21T17:18:37+08:00 ] 127.0.0.1 /index.php/Admin/Ajax/goodsupdate/pid/%7B$val.pid%7D
INFO: [ app_init ] --START--
INFO: Run Behavior\BuildLiteBehavior [ RunTime:0.000021s ]
INFO: [ app_init ] --END-- [ RunTime:0.000313s ]
INFO: [ app_begin ] --START--
INFO: Run Behavior\ReadHtmlCacheBehavior [ RunTime:0.000368s ]
INFO: [ app_begin ] --END-- [ RunTime:0.000503s ]
INFO: [ app_end ] --START--
INFO: Run Behavior\ShowPageTraceBehavior [ RunTime:0.000331s ]
INFO: [ app_end ] --END-- [ RunTime:0.000434s ]

[ 2017-12-21T17:19:41+08:00 ] 127.0.0.1 /index.php/admin/goods/showlist
INFO: [ app_init ] --START--
INFO: Run Behavior\BuildLiteBehavior [ RunTime:0.000020s ]
INFO: [ app_init ] --END-- [ RunTime:0.000349s ]
INFO: [ app_begin ] --START--
INFO: Run Behavior\ReadHtmlCacheBehavior [ RunTime:0.000387s ]
INFO: [ app_begin ] --END-- [ RunTime:0.000487s ]
SQL: SELECT * FROM `tp_goodsinfo`  [ RunTime:0.0003s ]
INFO: [ view_parse ] --START--
INFO: [ template_filter ] --START--
INFO: Run Behavior\ContentReplaceBehavior [ RunTime:0.000052s ]
INFO: [ template_filter ] --END-- [ RunTime:0.000148s ]
INFO: Run Behavior\ParseTemplateBehavior [ RunTime:0.015944s ]
INFO: [ view_parse ] --END-- [ RunTime:0.016089s ]
INFO: [ view_filter ] --START--
INFO: Run Behavior\WriteHtmlCacheBehavior [ RunTime:0.000385s ]
INFO: [ view_filter ] --END-- [ RunTime:0.000531s ]
INFO: [ app_end ] --START--
INFO: Run Behavior\ShowPageTraceBehavior [ RunTime:0.000532s ]
INFO: [ app_end ] --END-- [ RunTime:0.000679s ]

[ 2017-12-21T17:23:00+08:00 ] 127.0.0.1 /index.php/Admin/Ajax/goodsupdate/pid/%7B$val.pid%7D
INFO: [ app_init ] --START--
INFO: Run Behavior\BuildLiteBehavior [ RunTime:0.000020s ]
INFO: [ app_init ] --END-- [ RunTime:0.000338s ]
INFO: [ app_begin ] --START--
INFO: Run Behavior\ReadHtmlCacheBehavior [ RunTime:0.000383s ]
INFO: [ app_begin ] --END-- [ RunTime:0.000487s ]
SQL: SELECT * FROM `tp_goodsinfo` WHERE `pid` = 0 LIMIT 1   [ RunTime:0.0003s ]
INFO: [ view_parse ] --START--
INFO: [ template_filter ] --START--
INFO: Run Behavior\ContentReplaceBehavior [ RunTime:0.000056s ]
INFO: [ template_filter ] --END-- [ RunTime:0.000149s ]
INFO: Run Behavior\ParseTemplateBehavior [ RunTime:0.013052s ]
INFO: [ view_parse ] --END-- [ RunTime:0.013170s ]
INFO: [ view_filter ] --START--
INFO: Run Behavior\WriteHtmlCacheBehavior [ RunTime:0.000259s ]
INFO: [ view_filter ] --END-- [ RunTime:0.000376s ]
INFO: [ app_end ] --START--
INFO: Run Behavior\ShowPageTraceBehavior [ RunTime:0.000392s ]
INFO: [ app_end ] --END-- [ RunTime:0.000480s ]

[ 2017-12-21T17:23:11+08:00 ] 127.0.0.1 /index.php/admin/ajax/goodslist
INFO: [ app_init ] --START--
INFO: Run Behavior\BuildLiteBehavior [ RunTime:0.000058s ]
INFO: [ app_init ] --END-- [ RunTime:0.000881s ]
INFO: [ app_begin ] --START--
INFO: Run Behavior\ReadHtmlCacheBehavior [ RunTime:0.001459s ]
INFO: [ app_begin ] --END-- [ RunTime:0.001841s ]
SQL: SELECT * FROM `tp_goodsinfo`  [ RunTime:0.0008s ]
INFO: [ view_parse ] --START--
INFO: [ template_filter ] --START--
INFO: Run Behavior\ContentReplaceBehavior [ RunTime:0.000075s ]
INFO: [ template_filter ] --END-- [ RunTime:0.000206s ]
INFO: Run Behavior\ParseTemplateBehavior [ RunTime:0.031988s ]
INFO: [ view_parse ] --END-- [ RunTime:0.032306s ]
INFO: [ view_filter ] --START--
INFO: Run Behavior\WriteHtmlCacheBehavior [ RunTime:0.000269s ]
INFO: [ view_filter ] --END-- [ RunTime:0.000384s ]
INFO: [ app_end ] --START--
INFO: Run Behavior\ShowPageTraceBehavior [ RunTime:0.000425s ]
INFO: [ app_end ] --END-- [ RunTime:0.000545s ]

[ 2017-12-21T17:23:13+08:00 ] 127.0.0.1 /index.php/Admin/Ajax/goodsupdate/pid/2
INFO: [ app_init ] --START--
INFO: Run Behavior\BuildLiteBehavior [ RunTime:0.000021s ]
INFO: [ app_init ] --END-- [ RunTime:0.000309s ]
INFO: [ app_begin ] --START--
INFO: Run Behavior\ReadHtmlCacheBehavior [ RunTime:0.000312s ]
INFO: [ app_begin ] --END-- [ RunTime:0.000403s ]
SQL: SELECT * FROM `tp_goodsinfo` WHERE `pid` = 2 LIMIT 1   [ RunTime:0.0002s ]
INFO: [ view_parse ] --START--
INFO: [ template_filter ] --START--
INFO: Run Behavior\ContentReplaceBehavior [ RunTime:0.000092s ]
INFO: [ template_filter ] --END-- [ RunTime:0.000280s ]
INFO: Run Behavior\ParseTemplateBehavior [ RunTime:0.012599s ]
INFO: [ view_parse ] --END-- [ RunTime:0.012712s ]
INFO: [ view_filter ] --START--
INFO: Run Behavior\WriteHtmlCacheBehavior [ RunTime:0.000260s ]
INFO: [ view_filter ] --END-- [ RunTime:0.000346s ]
INFO: [ app_end ] --START--
INFO: Run Behavior\ShowPageTraceBehavior [ RunTime:0.000335s ]
INFO: [ app_end ] --END-- [ RunTime:0.000422s ]

[ 2017-12-21T17:23:15+08:00 ] 127.0.0.1 /index.php/Admin/Ajax/goodsupdate/pid/2
INFO: [ app_init ] --START--
INFO: Run Behavior\BuildLiteBehavior [ RunTime:0.000043s ]
INFO: [ app_init ] --END-- [ RunTime:0.000622s ]
INFO: [ app_begin ] --START--
INFO: Run Behavior\ReadHtmlCacheBehavior [ RunTime:0.000707s ]
INFO: [ app_begin ] --END-- [ RunTime:0.000908s ]
SQL: SELECT * FROM `tp_goodsinfo` WHERE `pid` = 2 LIMIT 1   [ RunTime:0.0003s ]
INFO: [ view_parse ] --START--
INFO: [ template_filter ] --START--
INFO: Run Behavior\ContentReplaceBehavior [ RunTime:0.000053s ]
INFO: [ template_filter ] --END-- [ RunTime:0.000151s ]
INFO: Run Behavior\ParseTemplateBehavior [ RunTime:0.006186s ]
INFO: [ view_parse ] --END-- [ RunTime:0.006320s ]
INFO: [ view_filter ] --START--
INFO: Run Behavior\WriteHtmlCacheBehavior [ RunTime:0.000189s ]
INFO: [ view_filter ] --END-- [ RunTime:0.000274s ]
INFO: [ app_end ] --START--
INFO: Run Behavior\ShowPageTraceBehavior [ RunTime:0.000322s ]
INFO: [ app_end ] --END-- [ RunTime:0.000419s ]

[ 2017-12-21T17:23:51+08:00 ] 127.0.0.1 /index.php/Admin/Ajax/goodsupdate/pid/1
INFO: [ app_init ] --START--
INFO: Run Behavior\BuildLiteBehavior [ RunTime:0.000030s ]
INFO: [ app_init ] --END-- [ RunTime:0.000454s ]
INFO: [ app_begin ] --START--
INFO: Run Behavior\ReadHtmlCacheBehavior [ RunTime:0.000458s ]
INFO: [ app_begin ] --END-- [ RunTime:0.000562s ]
SQL: SELECT * FROM `tp_goodsinfo` WHERE `pid` = 1 LIMIT 1   [ RunTime:0.0003s ]
INFO: [ view_parse ] --START--
INFO: [ template_filter ] --START--
INFO: Run Behavior\ContentReplaceBehavior [ RunTime:0.000078s ]
INFO: [ template_filter ] --END-- [ RunTime:0.000223s ]
INFO: Run Behavior\ParseTemplateBehavior [ RunTime:0.012525s ]
INFO: [ view_parse ] --END-- [ RunTime:0.012642s ]
INFO: [ view_filter ] --START--
INFO: Run Behavior\WriteHtmlCacheBehavior [ RunTime:0.000282s ]
INFO: [ view_filter ] --END-- [ RunTime:0.000372s ]
INFO: [ app_end ] --START--
INFO: Run Behavior\ShowPageTraceBehavior [ RunTime:0.000403s ]
INFO: [ app_end ] --END-- [ RunTime:0.000491s ]

[ 2017-12-21T17:24:48+08:00 ] 127.0.0.1 /index.php/Admin/Ajax/goodsupdate/pid/1
INFO: [ app_init ] --START--
INFO: Run Behavior\BuildLiteBehavior [ RunTime:0.000028s ]
INFO: [ app_init ] --END-- [ RunTime:0.000336s ]
INFO: [ app_begin ] --START--
INFO: Run Behavior\ReadHtmlCacheBehavior [ RunTime:0.000350s ]
INFO: [ app_begin ] --END-- [ RunTime:0.000445s ]
SQL: SELECT * FROM `tp_goodsinfo` WHERE `pid` = 1 LIMIT 1   [ RunTime:0.0003s ]
INFO: [ view_parse ] --START--
INFO: [ template_filter ] --START--
INFO: Run Behavior\ContentReplaceBehavior [ RunTime:0.000053s ]
INFO: [ template_filter ] --END-- [ RunTime:0.000152s ]
INFO: Run Behavior\ParseTemplateBehavior [ RunTime:0.011676s ]
INFO: [ view_parse ] --END-- [ RunTime:0.011786s ]
INFO: [ view_filter ] --START--
INFO: Run Behavior\WriteHtmlCacheBehavior [ RunTime:0.000214s ]
INFO: [ view_filter ] --END-- [ RunTime:0.000299s ]
INFO: [ app_end ] --START--
INFO: Run Behavior\ShowPageTraceBehavior [ RunTime:0.000322s ]
INFO: [ app_end ] --END-- [ RunTime:0.000408s ]

[ 2017-12-21T17:24:48+08:00 ] 127.0.0.1 /index.php/Admin/Ajax/goodsupdate/pid/1
INFO: [ app_init ] --START--
INFO: Run Behavior\BuildLiteBehavior [ RunTime:0.000059s ]
INFO: [ app_init ] --END-- [ RunTime:0.000779s ]
INFO: [ app_begin ] --START--
INFO: Run Behavior\ReadHtmlCacheBehavior [ RunTime:0.000974s ]
INFO: [ app_begin ] --END-- [ RunTime:0.001274s ]
SQL: SELECT * FROM `tp_goodsinfo` WHERE `pid` = 1 LIMIT 1   [ RunTime:0.0002s ]
INFO: [ view_parse ] --START--
INFO: [ template_filter ] --START--
INFO: Run Behavior\ContentReplaceBehavior [ RunTime:0.000053s ]
INFO: [ template_filter ] --END-- [ RunTime:0.000150s ]
INFO: Run Behavior\ParseTemplateBehavior [ RunTime:0.005247s ]
INFO: [ view_parse ] --END-- [ RunTime:0.005362s ]
INFO: [ view_filter ] --START--
INFO: Run Behavior\WriteHtmlCacheBehavior [ RunTime:0.000204s ]
INFO: [ view_filter ] --END-- [ RunTime:0.000303s ]
INFO: [ app_end ] --START--
INFO: Run Behavior\ShowPageTraceBehavior [ RunTime:0.000340s ]
INFO: [ app_end ] --END-- [ RunTime:0.000432s ]

[ 2017-12-21T17:27:32+08:00 ] 127.0.0.1 /index.php/Admin/Ajax/goodsupdate/pid/1
INFO: [ app_init ] --START--
INFO: Run Behavior\BuildLiteBehavior [ RunTime:0.000021s ]
INFO: [ app_init ] --END-- [ RunTime:0.000332s ]
INFO: [ app_begin ] --START--
INFO: Run Behavior\ReadHtmlCacheBehavior [ RunTime:0.000383s ]
INFO: [ app_begin ] --END-- [ RunTime:0.000479s ]
INFO: [ view_parse ] --START--
INFO: [ template_filter ] --START--
INFO: Run Behavior\ContentReplaceBehavior [ RunTime:0.000059s ]
INFO: [ template_filter ] --END-- [ RunTime:0.000183s ]
NOTIC: [8] Undefined variable: fd D:\php7tpsite\Application\Runtime\Cache\Admin\35fa5318af979f1a4c174b21d76c04a2.php 第 23 行.
NOTIC: [8] Undefined variable: fd D:\php7tpsite\Application\Runtime\Cache\Admin\35fa5318af979f1a4c174b21d76c04a2.php 第 27 行.
NOTIC: [8] Undefined variable: fd D:\php7tpsite\Application\Runtime\Cache\Admin\35fa5318af979f1a4c174b21d76c04a2.php 第 31 行.
NOTIC: [8] Undefined variable: fd D:\php7tpsite\Application\Runtime\Cache\Admin\35fa5318af979f1a4c174b21d76c04a2.php 第 35 行.
INFO: Run Behavior\ParseTemplateBehavior [ RunTime:0.007012s ]
INFO: [ view_parse ] --END-- [ RunTime:0.007154s ]
INFO: [ view_filter ] --START--
INFO: Run Behavior\WriteHtmlCacheBehavior [ RunTime:0.000269s ]
INFO: [ view_filter ] --END-- [ RunTime:0.000355s ]
INFO: [ app_end ] --START--
INFO: Run Behavior\ShowPageTraceBehavior [ RunTime:0.000440s ]
INFO: [ app_end ] --END-- [ RunTime:0.000535s ]

[ 2017-12-21T17:30:22+08:00 ] 127.0.0.1 /index.php/Admin/Ajax/goodsupdate/pid/1
INFO: [ app_init ] --START--
INFO: Run Behavior\BuildLiteBehavior [ RunTime:0.000021s ]
INFO: [ app_init ] --END-- [ RunTime:0.000335s ]
INFO: [ app_begin ] --START--
INFO: Run Behavior\ReadHtmlCacheBehavior [ RunTime:0.000375s ]
INFO: [ app_begin ] --END-- [ RunTime:0.000469s ]
SQL: UPDATE `tp_goodsinfo` SET `typeid`='1',`pname`='苹果电脑',`price`='7000',`pcount`='2' WHERE `pid` = 1 [ RunTime:0.0365s ]
INFO: [ view_parse ] --START--
INFO: [ template_filter ] --START--
INFO: Run Behavior\ContentReplaceBehavior [ RunTime:0.000055s ]
INFO: [ template_filter ] --END-- [ RunTime:0.000154s ]
INFO: Run Behavior\ParseTemplateBehavior [ RunTime:0.042760s ]
INFO: [ view_parse ] --END-- [ RunTime:0.042898s ]
INFO: [ view_filter ] --START--
INFO: Run Behavior\WriteHtmlCacheBehavior [ RunTime:0.000272s ]
INFO: [ view_filter ] --END-- [ RunTime:0.000400s ]
INFO: [ view_parse ] --START--
INFO: [ template_filter ] --START--
INFO: Run Behavior\ContentReplaceBehavior [ RunTime:0.000046s ]
INFO: [ template_filter ] --END-- [ RunTime:-0.015827s ]
NOTIC: [8] Undefined variable: fd D:\php7tpsite\Application\Runtime\Cache\Admin\35fa5318af979f1a4c174b21d76c04a2.php 第 23 行.
NOTIC: [8] Undefined variable: fd D:\php7tpsite\Application\Runtime\Cache\Admin\35fa5318af979f1a4c174b21d76c04a2.php 第 27 行.
NOTIC: [8] Undefined variable: fd D:\php7tpsite\Application\Runtime\Cache\Admin\35fa5318af979f1a4c174b21d76c04a2.php 第 31 行.
NOTIC: [8] Undefined variable: fd D:\php7tpsite\Application\Runtime\Cache\Admin\35fa5318af979f1a4c174b21d76c04a2.php 第 35 行.
INFO: Run Behavior\ParseTemplateBehavior [ RunTime:0.002988s ]
INFO: [ view_parse ] --END-- [ RunTime:-0.000792s ]
INFO: [ view_filter ] --START--
INFO: Run Behavior\WriteHtmlCacheBehavior [ RunTime:0.000024s ]
INFO: [ view_filter ] --END-- [ RunTime:-0.003483s ]
INFO: [ app_end ] --START--
INFO: Run Behavior\ShowPageTraceBehavior [ RunTime:0.000488s ]
INFO: [ app_end ] --END-- [ RunTime:0.000584s ]

[ 2017-12-21T17:30:24+08:00 ] 127.0.0.1 /index.php/Admin/Ajax/goodlist.html
INFO: [ app_init ] --START--
INFO: Run Behavior\BuildLiteBehavior [ RunTime:0.000096s ]
INFO: [ app_init ] --END-- [ RunTime:0.001757s ]
INFO: [ app_begin ] --START--
INFO: Run Behavior\ReadHtmlCacheBehavior [ RunTime:0.000524s ]
INFO: [ app_begin ] --END-- [ RunTime:0.000675s ]
ERR: 非法操作:goodlist

[ 2017-12-21T17:30:38+08:00 ] 127.0.0.1 /index.php/admin/ajax/addgoods
INFO: [ app_init ] --START--
INFO: Run Behavior\BuildLiteBehavior [ RunTime:0.000022s ]
INFO: [ app_init ] --END-- [ RunTime:0.000355s ]
INFO: [ app_begin ] --START--
INFO: Run Behavior\ReadHtmlCacheBehavior [ RunTime:0.000697s ]
INFO: [ app_begin ] --END-- [ RunTime:0.000861s ]
SQL: INSERT INTO `tp_goodsinfo` (`typeid`,`pname`,`price`,`pcount`) VALUES ('1','宝宝','1.2E+16','5') [ RunTime:0.0337s ]

[ 2017-12-21T17:30:59+08:00 ] 127.0.0.1 /index.php/admin/ajax/goodslist
INFO: [ app_init ] --START--
INFO: Run Behavior\BuildLiteBehavior [ RunTime:0.000020s ]
INFO: [ app_init ] --END-- [ RunTime:0.000302s ]
INFO: [ app_begin ] --START--
INFO: Run Behavior\ReadHtmlCacheBehavior [ RunTime:0.000310s ]
INFO: [ app_begin ] --END-- [ RunTime:0.000402s ]
SQL: SELECT * FROM `tp_goodsinfo`  [ RunTime:0.0003s ]
INFO: [ view_parse ] --START--
INFO: [ template_filter ] --START--
INFO: Run Behavior\ContentReplaceBehavior [ RunTime:0.000055s ]
INFO: [ template_filter ] --END-- [ RunTime:0.000153s ]
INFO: Run Behavior\ParseTemplateBehavior [ RunTime:0.007094s ]
INFO: [ view_parse ] --END-- [ RunTime:0.007201s ]
INFO: [ view_filter ] --START--
INFO: Run Behavior\WriteHtmlCacheBehavior [ RunTime:0.000271s ]
INFO: [ view_filter ] --END-- [ RunTime:0.000361s ]
INFO: [ app_end ] --START--
INFO: Run Behavior\ShowPageTraceBehavior [ RunTime:0.000377s ]
INFO: [ app_end ] --END-- [ RunTime:0.000467s ]

[ 2017-12-21T17:31:02+08:00 ] 127.0.0.1 /index.php/Admin/Ajax/goodsupdate/pid/2
INFO: [ app_init ] --START--
INFO: Run Behavior\BuildLiteBehavior [ RunTime:0.000021s ]
INFO: [ app_init ] --END-- [ RunTime:0.000304s ]
INFO: [ app_begin ] --START--
INFO: Run Behavior\ReadHtmlCacheBehavior [ RunTime:0.000310s ]
INFO: [ app_begin ] --END-- [ RunTime:0.000401s ]
SQL: SELECT * FROM `tp_goodsinfo` WHERE `pid` = 2 LIMIT 1   [ RunTime:0.0003s ]
INFO: [ view_parse ] --START--
INFO: [ template_filter ] --START--
INFO: Run Behavior\ContentReplaceBehavior [ RunTime:0.000052s ]
INFO: [ template_filter ] --END-- [ RunTime:0.000149s ]
INFO: Run Behavior\ParseTemplateBehavior [ RunTime:0.013144s ]
INFO: [ view_parse ] --END-- [ RunTime:0.013268s ]
INFO: [ view_filter ] --START--
INFO: Run Behavior\WriteHtmlCacheBehavior [ RunTime:0.000368s ]
INFO: [ view_filter ] --END-- [ RunTime:0.000488s ]
INFO: [ app_end ] --START--
INFO: Run Behavior\ShowPageTraceBehavior [ RunTime:0.000558s ]
INFO: [ app_end ] --END-- [ RunTime:0.000716s ]

[ 2017-12-21T17:31:06+08:00 ] 127.0.0.1 /index.php/Admin/Ajax/goodsupdate/pid/2
INFO: [ app_init ] --START--
INFO: Run Behavior\BuildLiteBehavior [ RunTime:0.000021s ]
INFO: [ app_init ] --END-- [ RunTime:0.000316s ]
INFO: [ app_begin ] --START--
INFO: Run Behavior\ReadHtmlCacheBehavior [ RunTime:0.000296s ]
INFO: [ app_begin ] --END-- [ RunTime:0.000389s ]
SQL: UPDATE `tp_goodsinfo` SET `typeid`='0',`pname`='天猫精灵121',`price`='499',`pcount`='2' WHERE `pid` = 2 [ RunTime:0.0556s ]
INFO: [ view_parse ] --START--
INFO: [ template_filter ] --START--
INFO: Run Behavior\ContentReplaceBehavior [ RunTime:0.000118s ]
INFO: [ template_filter ] --END-- [ RunTime:0.000346s ]
INFO: Run Behavior\ParseTemplateBehavior [ RunTime:0.011411s ]
INFO: [ view_parse ] --END-- [ RunTime:0.011711s ]
INFO: [ view_filter ] --START--
INFO: Run Behavior\WriteHtmlCacheBehavior [ RunTime:0.000574s ]
INFO: [ view_filter ] --END-- [ RunTime:0.000881s ]
INFO: [ view_parse ] --START--
INFO: [ template_filter ] --START--
INFO: Run Behavior\ContentReplaceBehavior [ RunTime:0.000108s ]
INFO: [ template_filter ] --END-- [ RunTime:-0.009407s ]
NOTIC: [8] Undefined variable: fd D:\php7tpsite\Application\Runtime\Cache\Admin\35fa5318af979f1a4c174b21d76c04a2.php 第 23 行.
NOTIC: [8] Undefined variable: fd D:\php7tpsite\Application\Runtime\Cache\Admin\35fa5318af979f1a4c174b21d76c04a2.php 第 27 行.
NOTIC: [8] Undefined variable: fd D:\php7tpsite\Application\Runtime\Cache\Admin\35fa5318af979f1a4c174b21d76c04a2.php 第 31 行.
NOTIC: [8] Undefined variable: fd D:\php7tpsite\Application\Runtime\Cache\Admin\35fa5318af979f1a4c174b21d76c04a2.php 第 35 行.
INFO: Run Behavior\ParseTemplateBehavior [ RunTime:0.008045s ]
INFO: [ view_parse ] --END-- [ RunTime:-0.001593s ]
INFO: [ view_filter ] --START--
INFO: Run Behavior\WriteHtmlCacheBehavior [ RunTime:0.000058s ]
INFO: [ view_filter ] --END-- [ RunTime:-0.009002s ]
INFO: [ app_end ] --START--
INFO: Run Behavior\ShowPageTraceBehavior [ RunTime:0.001149s ]
INFO: [ app_end ] --END-- [ RunTime:0.001806s ]

[ 2017-12-21T17:31:07+08:00 ] 127.0.0.1 /index.php/Admin/Ajax/goodlist.html
INFO: [ app_init ] --START--
INFO: Run Behavior\BuildLiteBehavior [ RunTime:0.000052s ]
INFO: [ app_init ] --END-- [ RunTime:0.000769s ]
INFO: [ app_begin ] --START--
INFO: Run Behavior\ReadHtmlCacheBehavior [ RunTime:0.000788s ]
INFO: [ app_begin ] --END-- [ RunTime:0.001024s ]
ERR: 非法操作:goodlist

[ 2017-12-21T17:31:18+08:00 ] 127.0.0.1 /index.php/Admin/Ajax/goodlist.html
INFO: [ app_init ] --START--
INFO: Run Behavior\BuildLiteBehavior [ RunTime:0.000047s ]
INFO: [ app_init ] --END-- [ RunTime:0.000720s ]
INFO: [ app_begin ] --START--
INFO: Run Behavior\ReadHtmlCacheBehavior [ RunTime:0.000444s ]
INFO: [ app_begin ] --END-- [ RunTime:0.000580s ]
ERR: 非法操作:goodlist

[ 2017-12-21T17:31:20+08:00 ] 127.0.0.1 /index.php/Admin/Ajax/goodlist.html
INFO: [ app_init ] --START--
INFO: Run Behavior\BuildLiteBehavior [ RunTime:0.000037s ]
INFO: [ app_init ] --END-- [ RunTime:0.000562s ]
INFO: [ app_begin ] --START--
INFO: Run Behavior\ReadHtmlCacheBehavior [ RunTime:0.000592s ]
INFO: [ app_begin ] --END-- [ RunTime:0.000782s ]
ERR: 非法操作:goodlist

[ 2017-12-21T17:31:23+08:00 ] 127.0.0.1 /index.php/Admin/Ajax/goodlist.html
INFO: [ app_init ] --START--
INFO: Run Behavior\BuildLiteBehavior [ RunTime:0.000064s ]
INFO: [ app_init ] --END-- [ RunTime:0.000810s ]
INFO: [ app_begin ] --START--
INFO: Run Behavior\ReadHtmlCacheBehavior [ RunTime:0.000498s ]
INFO: [ app_begin ] --END-- [ RunTime:0.000648s ]
ERR: 非法操作:goodlist

[ 2017-12-21T17:31:54+08:00 ] 127.0.0.1 /index.php/admin/ajax/goodslist
INFO: [ app_init ] --START--
INFO: Run Behavior\BuildLiteBehavior [ RunTime:0.000020s ]
INFO: [ app_init ] --END-- [ RunTime:0.000294s ]
INFO: [ app_begin ] --START--
INFO: Run Behavior\ReadHtmlCacheBehavior [ RunTime:0.000305s ]
INFO: [ app_begin ] --END-- [ RunTime:0.000397s ]
SQL: SELECT * FROM `tp_goodsinfo`  [ RunTime:0.0003s ]
INFO: [ view_parse ] --START--
INFO: [ template_filter ] --START--
INFO: Run Behavior\ContentReplaceBehavior [ RunTime:0.000057s ]
INFO: [ template_filter ] --END-- [ RunTime:0.000156s ]
INFO: Run Behavior\ParseTemplateBehavior [ RunTime:0.007012s ]
INFO: [ view_parse ] --END-- [ RunTime:0.007252s ]
INFO: [ view_filter ] --START--
INFO: Run Behavior\WriteHtmlCacheBehavior [ RunTime:0.000302s ]
INFO: [ view_filter ] --END-- [ RunTime:0.000423s ]
INFO: [ app_end ] --START--
INFO: Run Behavior\ShowPageTraceBehavior [ RunTime:0.000338s ]
INFO: [ app_end ] --END-- [ RunTime:0.000430s ]

[ 2017-12-21T17:31:56+08:00 ] 127.0.0.1 /index.php/Admin/Ajax/goodsupdate/pid/8
INFO: [ app_init ] --START--
INFO: Run Behavior\BuildLiteBehavior [ RunTime:0.000022s ]
INFO: [ app_init ] --END-- [ RunTime:0.000330s ]
INFO: [ app_begin ] --START--
INFO: Run Behavior\ReadHtmlCacheBehavior [ RunTime:0.000314s ]
INFO: [ app_begin ] --END-- [ RunTime:0.000407s ]
SQL: SELECT * FROM `tp_goodsinfo` WHERE `pid` = 8 LIMIT 1   [ RunTime:0.0002s ]
INFO: [ view_parse ] --START--
INFO: [ template_filter ] --START--
INFO: Run Behavior\ContentReplaceBehavior [ RunTime:0.000055s ]
INFO: [ template_filter ] --END-- [ RunTime:0.000152s ]
INFO: Run Behavior\ParseTemplateBehavior [ RunTime:0.013732s ]
INFO: [ view_parse ] --END-- [ RunTime:0.013862s ]
INFO: [ view_filter ] --START--
INFO: Run Behavior\WriteHtmlCacheBehavior [ RunTime:0.000238s ]
INFO: [ view_filter ] --END-- [ RunTime:0.000336s ]
INFO: [ app_end ] --START--
INFO: Run Behavior\ShowPageTraceBehavior [ RunTime:0.000335s ]
INFO: [ app_end ] --END-- [ RunTime:0.000425s ]

[ 2017-12-21T17:32:10+08:00 ] 127.0.0.1 /index.php/Admin/Ajax/goodsupdate/pid/8
INFO: [ app_init ] --START--
INFO: Run Behavior\BuildLiteBehavior [ RunTime:0.000021s ]
INFO: [ app_init ] --END-- [ RunTime:0.000318s ]
INFO: [ app_begin ] --START--
INFO: Run Behavior\ReadHtmlCacheBehavior [ RunTime:0.000317s ]
INFO: [ app_begin ] --END-- [ RunTime:0.000412s ]
SQL: UPDATE `tp_goodsinfo` SET `typeid`='12',`pname`='摩托2',`price`='52',`pcount`='5' WHERE `pid` = 8 [ RunTime:0.0625s ]
INFO: [ view_parse ] --START--
INFO: [ template_filter ] --START--
INFO: Run Behavior\ContentReplaceBehavior [ RunTime:0.000054s ]
INFO: [ template_filter ] --END-- [ RunTime:0.000165s ]
INFO: Run Behavior\ParseTemplateBehavior [ RunTime:0.005730s ]
INFO: [ view_parse ] --END-- [ RunTime:0.005909s ]
INFO: [ view_filter ] --START--
INFO: Run Behavior\WriteHtmlCacheBehavior [ RunTime:0.000221s ]
INFO: [ view_filter ] --END-- [ RunTime:0.000325s ]
INFO: [ view_parse ] --START--
INFO: [ template_filter ] --START--
INFO: Run Behavior\ContentReplaceBehavior [ RunTime:0.000084s ]
INFO: [ template_filter ] --END-- [ RunTime:-0.003825s ]
NOTIC: [8] Undefined variable: fd D:\php7tpsite\Application\Runtime\Cache\Admin\35fa5318af979f1a4c174b21d76c04a2.php 第 23 行.
NOTIC: [8] Undefined variable: fd D:\php7tpsite\Application\Runtime\Cache\Admin\35fa5318af979f1a4c174b21d76c04a2.php 第 27 行.
NOTIC: [8] Undefined variable: fd D:\php7tpsite\Application\Runtime\Cache\Admin\35fa5318af979f1a4c174b21d76c04a2.php 第 31 行.
NOTIC: [8] Undefined variable: fd D:\php7tpsite\Application\Runtime\Cache\Admin\35fa5318af979f1a4c174b21d76c04a2.php 第 35 行.
INFO: Run Behavior\ParseTemplateBehavior [ RunTime:0.003460s ]
INFO: [ view_parse ] --END-- [ RunTime:-0.000654s ]
INFO: [ view_filter ] --START--
INFO: Run Behavior\WriteHtmlCacheBehavior [ RunTime:0.000026s ]
INFO: [ view_filter ] --END-- [ RunTime:-0.003910s ]
INFO: [ app_end ] --START--
INFO: Run Behavior\ShowPageTraceBehavior [ RunTime:0.000368s ]
INFO: [ app_end ] --END-- [ RunTime:0.000456s ]

[ 2017-12-21T17:32:11+08:00 ] 127.0.0.1 /index.php/Admin/Ajax/goodlist.html
INFO: [ app_init ] --START--
INFO: Run Behavior\BuildLiteBehavior [ RunTime:0.000083s ]
INFO: [ app_init ] --END-- [ RunTime:0.000951s ]
INFO: [ app_begin ] --START--
INFO: Run Behavior\ReadHtmlCacheBehavior [ RunTime:0.001060s ]
INFO: [ app_begin ] --END-- [ RunTime:0.001431s ]
ERR: 非法操作:goodlist

[ 2017-12-21T17:35:08+08:00 ] 127.0.0.1 /index.php/Admin/Ajax/goodlist.html
INFO: [ app_init ] --START--
INFO: Run Behavior\BuildLiteBehavior [ RunTime:0.000022s ]
INFO: [ app_init ] --END-- [ RunTime:0.000345s ]
INFO: [ app_begin ] --START--
INFO: Run Behavior\ReadHtmlCacheBehavior [ RunTime:0.000389s ]
INFO: [ app_begin ] --END-- [ RunTime:0.000484s ]
ERR: 非法操作:goodlist

[ 2017-12-21T17:36:09+08:00 ] 127.0.0.1 /index.php/Admin/Ajax/goodlist.html
INFO: [ app_init ] --START--
INFO: Run Behavior\BuildLiteBehavior [ RunTime:0.000034s ]
INFO: [ app_init ] --END-- [ RunTime:0.000552s ]
INFO: [ app_begin ] --START--
INFO: Run Behavior\ReadHtmlCacheBehavior [ RunTime:0.000640s ]
INFO: [ app_begin ] --END-- [ RunTime:0.000806s ]
ERR: 非法操作:goodlist

[ 2017-12-21T17:36:10+08:00 ] 127.0.0.1 /index.php/Admin/Ajax/goodlist.html
INFO: [ app_init ] --START--
INFO: Run Behavior\BuildLiteBehavior [ RunTime:0.000038s ]
INFO: [ app_init ] --END-- [ RunTime:0.000573s ]
INFO: [ app_begin ] --START--
INFO: Run Behavior\ReadHtmlCacheBehavior [ RunTime:0.000593s ]
INFO: [ app_begin ] --END-- [ RunTime:0.000767s ]
ERR: 非法操作:goodlist

[ 2017-12-21T17:36:11+08:00 ] 127.0.0.1 /index.php/Admin/Ajax/goodlist.html
INFO: [ app_init ] --START--
INFO: Run Behavior\BuildLiteBehavior [ RunTime:0.000037s ]
INFO: [ app_init ] --END-- [ RunTime:0.000585s ]
INFO: [ app_begin ] --START--
INFO: Run Behavior\ReadHtmlCacheBehavior [ RunTime:0.000592s ]
INFO: [ app_begin ] --END-- [ RunTime:0.000765s ]
ERR: 非法操作:goodlist

[ 2017-12-21T17:36:22+08:00 ] 127.0.0.1 /index.php/Admin/Ajax/goodlist.html
INFO: [ app_init ] --START--
INFO: Run Behavior\BuildLiteBehavior [ RunTime:0.000038s ]
INFO: [ app_init ] --END-- [ RunTime:0.000542s ]
INFO: [ app_begin ] --START--
INFO: Run Behavior\ReadHtmlCacheBehavior [ RunTime:0.000559s ]
INFO: [ app_begin ] --END-- [ RunTime:0.000744s ]
ERR: 非法操作:goodlist

[ 2017-12-21T17:36:23+08:00 ] 127.0.0.1 /index.php/Admin/Ajax/goodlist.html
INFO: [ app_init ] --START--
INFO: Run Behavior\BuildLiteBehavior [ RunTime:0.000046s ]
INFO: [ app_init ] --END-- [ RunTime:0.000705s ]
INFO: [ app_begin ] --START--
INFO: Run Behavior\ReadHtmlCacheBehavior [ RunTime:0.001040s ]
INFO: [ app_begin ] --END-- [ RunTime:0.001342s ]
ERR: 非法操作:goodlist

[ 2017-12-21T17:36:23+08:00 ] 127.0.0.1 /index.php/Admin/Ajax/goodlist.html
INFO: [ app_init ] --START--
INFO: Run Behavior\BuildLiteBehavior [ RunTime:0.000038s ]
INFO: [ app_init ] --END-- [ RunTime:0.000562s ]
INFO: [ app_begin ] --START--
INFO: Run Behavior\ReadHtmlCacheBehavior [ RunTime:0.001125s ]
INFO: [ app_begin ] --END-- [ RunTime:0.001346s ]
ERR: 非法操作:goodlist

[ 2017-12-21T17:36:25+08:00 ] 127.0.0.1 /index.php/Admin/Ajax/goodlist.html
INFO: [ app_init ] --START--
INFO: Run Behavior\BuildLiteBehavior [ RunTime:0.000036s ]
INFO: [ app_init ] --END-- [ RunTime:0.000571s ]
INFO: [ app_begin ] --START--
INFO: Run Behavior\ReadHtmlCacheBehavior [ RunTime:0.000662s ]
INFO: [ app_begin ] --END-- [ RunTime:0.000850s ]
ERR: 非法操作:goodlist

[ 2017-12-21T17:38:29+08:00 ] 127.0.0.1 /index.php/Admin/Ajax/goodlist.html
INFO: [ app_init ] --START--
INFO: Run Behavior\BuildLiteBehavior [ RunTime:0.000021s ]
INFO: [ app_init ] --END-- [ RunTime:0.000342s ]
INFO: [ app_begin ] --START--
INFO: Run Behavior\ReadHtmlCacheBehavior [ RunTime:0.000406s ]
INFO: [ app_begin ] --END-- [ RunTime:0.000501s ]
ERR: 非法操作:goodlist

[ 2017-12-21T17:38:41+08:00 ] 127.0.0.1 /index.php/Admin/Ajax/goodlist.html
INFO: [ app_init ] --START--
INFO: Run Behavior\BuildLiteBehavior [ RunTime:0.000021s ]
INFO: [ app_init ] --END-- [ RunTime:0.000335s ]
INFO: [ app_begin ] --START--
INFO: Run Behavior\ReadHtmlCacheBehavior [ RunTime:0.000414s ]
INFO: [ app_begin ] --END-- [ RunTime:0.000509s ]
ERR: 非法操作:goodlist

[ 2017-12-21T17:39:08+08:00 ] 127.0.0.1 /index.php/Admin/Ajax/goodlist.html
INFO: [ app_init ] --START--
INFO: Run Behavior\BuildLiteBehavior [ RunTime:0.000068s ]
INFO: [ app_init ] --END-- [ RunTime:0.000729s ]
INFO: [ app_begin ] --START--
INFO: Run Behavior\ReadHtmlCacheBehavior [ RunTime:0.000678s ]
INFO: [ app_begin ] --END-- [ RunTime:0.000880s ]
ERR: 非法操作:goodlist

[ 2017-12-21T17:39:08+08:00 ] 127.0.0.1 /index.php/Admin/Ajax/goodlist.html
INFO: [ app_init ] --START--
INFO: Run Behavior\BuildLiteBehavior [ RunTime:0.000039s ]
INFO: [ app_init ] --END-- [ RunTime:0.000716s ]
INFO: [ app_begin ] --START--
INFO: Run Behavior\ReadHtmlCacheBehavior [ RunTime:0.000657s ]
INFO: [ app_begin ] --END-- [ RunTime:0.000891s ]
ERR: 非法操作:goodlist

[ 2017-12-21T17:39:09+08:00 ] 127.0.0.1 /index.php/Admin/Ajax/goodlist.html
INFO: [ app_init ] --START--
INFO: Run Behavior\BuildLiteBehavior [ RunTime:0.000069s ]
INFO: [ app_init ] --END-- [ RunTime:0.001010s ]
INFO: [ app_begin ] --START--
INFO: Run Behavior\ReadHtmlCacheBehavior [ RunTime:0.000916s ]
INFO: [ app_begin ] --END-- [ RunTime:0.001265s ]
ERR: 非法操作:goodlist

[ 2017-12-21T17:39:09+08:00 ] 127.0.0.1 /index.php/Admin/Ajax/goodlist.html
INFO: [ app_init ] --START--
INFO: Run Behavior\BuildLiteBehavior [ RunTime:0.000021s ]
INFO: [ app_init ] --END-- [ RunTime:0.000309s ]
INFO: [ app_begin ] --START--
INFO: Run Behavior\ReadHtmlCacheBehavior [ RunTime:0.000418s ]
INFO: [ app_begin ] --END-- [ RunTime:0.000521s ]
ERR: 非法操作:goodlist

[ 2017-12-21T17:39:10+08:00 ] 127.0.0.1 /index.php/Admin/Ajax/goodlist.html
INFO: [ app_init ] --START--
INFO: Run Behavior\BuildLiteBehavior [ RunTime:0.000049s ]
INFO: [ app_init ] --END-- [ RunTime:0.000623s ]
INFO: [ app_begin ] --START--
INFO: Run Behavior\ReadHtmlCacheBehavior [ RunTime:0.001197s ]
INFO: [ app_begin ] --END-- [ RunTime:0.001518s ]
ERR: 非法操作:goodlist

[ 2017-12-21T17:39:12+08:00 ] 127.0.0.1 /index.php/Admin/Ajax/goodlist.html
INFO: [ app_init ] --START--
INFO: Run Behavior\BuildLiteBehavior [ RunTime:0.000026s ]
INFO: [ app_init ] --END-- [ RunTime:0.000415s ]
INFO: [ app_begin ] --START--
INFO: Run Behavior\ReadHtmlCacheBehavior [ RunTime:0.000456s ]
INFO: [ app_begin ] --END-- [ RunTime:0.000580s ]
ERR: 非法操作:goodlist

[ 2017-12-21T17:39:17+08:00 ] 127.0.0.1 /index.php/Admin/Ajax/goodlist.html
INFO: [ app_init ] --START--
INFO: Run Behavior\BuildLiteBehavior [ RunTime:0.000026s ]
INFO: [ app_init ] --END-- [ RunTime:0.000506s ]
INFO: [ app_begin ] --START--
INFO: Run Behavior\ReadHtmlCacheBehavior [ RunTime:0.000734s ]
INFO: [ app_begin ] --END-- [ RunTime:0.000913s ]
ERR: 非法操作:goodlist

[ 2017-12-21T17:39:46+08:00 ] 127.0.0.1 /index.php/Admin/Ajax/goodlist.html
INFO: [ app_init ] --START--
INFO: Run Behavior\BuildLiteBehavior [ RunTime:0.000038s ]
INFO: [ app_init ] --END-- [ RunTime:0.000627s ]
INFO: [ app_begin ] --START--
INFO: Run Behavior\ReadHtmlCacheBehavior [ RunTime:0.000368s ]
INFO: [ app_begin ] --END-- [ RunTime:0.000471s ]
ERR: 非法操作:goodlist

[ 2017-12-21T17:39:46+08:00 ] 127.0.0.1 /index.php/Admin/Ajax/goodlist.html
INFO: [ app_init ] --START--
INFO: Run Behavior\BuildLiteBehavior [ RunTime:0.000043s ]
INFO: [ app_init ] --END-- [ RunTime:0.000607s ]
INFO: [ app_begin ] --START--
INFO: Run Behavior\ReadHtmlCacheBehavior [ RunTime:0.000651s ]
INFO: [ app_begin ] --END-- [ RunTime:0.000847s ]
ERR: 非法操作:goodlist

[ 2017-12-21T17:39:46+08:00 ] 127.0.0.1 /index.php/Admin/Ajax/goodlist.html
INFO: [ app_init ] --START--
INFO: Run Behavior\BuildLiteBehavior [ RunTime:0.000039s ]
INFO: [ app_init ] --END-- [ RunTime:0.000584s ]
INFO: [ app_begin ] --START--
INFO: Run Behavior\ReadHtmlCacheBehavior [ RunTime:0.000392s ]
INFO: [ app_begin ] --END-- [ RunTime:0.000501s ]
ERR: 非法操作:goodlist

[ 2017-12-21T17:39:47+08:00 ] 127.0.0.1 /index.php/Admin/Ajax/goodlist.html
INFO: [ app_init ] --START--
INFO: Run Behavior\BuildLiteBehavior [ RunTime:0.000037s ]
INFO: [ app_init ] --END-- [ RunTime:0.000533s ]
INFO: [ app_begin ] --START--
INFO: Run Behavior\ReadHtmlCacheBehavior [ RunTime:0.000352s ]
INFO: [ app_begin ] --END-- [ RunTime:0.000465s ]
ERR: 非法操作:goodlist

[ 2017-12-21T17:39:47+08:00 ] 127.0.0.1 /index.php/Admin/Ajax/goodlist.html
INFO: [ app_init ] --START--
INFO: Run Behavior\BuildLiteBehavior [ RunTime:0.000040s ]
INFO: [ app_init ] --END-- [ RunTime:0.000565s ]
INFO: [ app_begin ] --START--
INFO: Run Behavior\ReadHtmlCacheBehavior [ RunTime:0.000616s ]
INFO: [ app_begin ] --END-- [ RunTime:0.000801s ]
ERR: 非法操作:goodlist

[ 2017-12-21T17:39:47+08:00 ] 127.0.0.1 /index.php/Admin/Ajax/goodlist.html
INFO: [ app_init ] --START--
INFO: Run Behavior\BuildLiteBehavior [ RunTime:0.000024s ]
INFO: [ app_init ] --END-- [ RunTime:0.000521s ]
INFO: [ app_begin ] --START--
INFO: Run Behavior\ReadHtmlCacheBehavior [ RunTime:0.000327s ]
INFO: [ app_begin ] --END-- [ RunTime:0.000420s ]
ERR: 非法操作:goodlist

[ 2017-12-21T17:39:47+08:00 ] 127.0.0.1 /index.php/Admin/Ajax/goodlist.html
INFO: [ app_init ] --START--
INFO: Run Behavior\BuildLiteBehavior [ RunTime:0.000123s ]
INFO: [ app_init ] --END-- [ RunTime:0.001299s ]
INFO: [ app_begin ] --START--
INFO: Run Behavior\ReadHtmlCacheBehavior [ RunTime:0.000542s ]
INFO: [ app_begin ] --END-- [ RunTime:0.000690s ]
ERR: 非法操作:goodlist

[ 2017-12-21T17:39:48+08:00 ] 127.0.0.1 /index.php/Admin/Ajax/goodlist.html
INFO: [ app_init ] --START--
INFO: Run Behavior\BuildLiteBehavior [ RunTime:0.000045s ]
INFO: [ app_init ] --END-- [ RunTime:0.000734s ]
INFO: [ app_begin ] --START--
INFO: Run Behavior\ReadHtmlCacheBehavior [ RunTime:0.000760s ]
INFO: [ app_begin ] --END-- [ RunTime:0.000969s ]
ERR: 非法操作:goodlist

[ 2017-12-21T17:39:48+08:00 ] 127.0.0.1 /index.php/Admin/Ajax/goodlist.html
INFO: [ app_init ] --START--
INFO: Run Behavior\BuildLiteBehavior [ RunTime:0.000079s ]
INFO: [ app_init ] --END-- [ RunTime:0.000685s ]
INFO: [ app_begin ] --START--
INFO: Run Behavior\ReadHtmlCacheBehavior [ RunTime:0.000679s ]
INFO: [ app_begin ] --END-- [ RunTime:0.000937s ]
ERR: 非法操作:goodlist

[ 2017-12-21T17:39:48+08:00 ] 127.0.0.1 /index.php/Admin/Ajax/goodlist.html
INFO: [ app_init ] --START--
INFO: Run Behavior\BuildLiteBehavior [ RunTime:0.000022s ]
INFO: [ app_init ] --END-- [ RunTime:0.000370s ]
INFO: [ app_begin ] --START--
INFO: Run Behavior\ReadHtmlCacheBehavior [ RunTime:0.000376s ]
INFO: [ app_begin ] --END-- [ RunTime:0.000480s ]
ERR: 非法操作:goodlist

[ 2017-12-21T17:39:58+08:00 ] 127.0.0.1 /index.php/Admin/ajax/goodlist.html
INFO: [ app_init ] --START--
INFO: Run Behavior\BuildLiteBehavior [ RunTime:0.000021s ]
INFO: [ app_init ] --END-- [ RunTime:0.000301s ]
INFO: [ app_begin ] --START--
INFO: Run Behavior\ReadHtmlCacheBehavior [ RunTime:0.000340s ]
INFO: [ app_begin ] --END-- [ RunTime:0.000437s ]
ERR: 非法操作:goodlist

[ 2017-12-21T17:43:35+08:00 ] 127.0.0.1 /index.php/Admin/ajax/goodlist.html
INFO: [ app_init ] --START--
INFO: Run Behavior\BuildLiteBehavior [ RunTime:0.000060s ]
INFO: [ app_init ] --END-- [ RunTime:0.001005s ]
INFO: [ app_begin ] --START--
INFO: Run Behavior\ReadHtmlCacheBehavior [ RunTime:0.001203s ]
INFO: [ app_begin ] --END-- [ RunTime:0.001469s ]
ERR: 非法操作:goodlist

[ 2017-12-21T17:43:35+08:00 ] 127.0.0.1 /index.php/Admin/ajax/goodlist.html
INFO: [ app_init ] --START--
INFO: Run Behavior\BuildLiteBehavior [ RunTime:0.000035s ]
INFO: [ app_init ] --END-- [ RunTime:0.000574s ]
INFO: [ app_begin ] --START--
INFO: Run Behavior\ReadHtmlCacheBehavior [ RunTime:0.000383s ]
INFO: [ app_begin ] --END-- [ RunTime:0.000490s ]
ERR: 非法操作:goodlist

[ 2017-12-21T17:43:35+08:00 ] 127.0.0.1 /index.php/Admin/ajax/goodlist.html
INFO: [ app_init ] --START--
INFO: Run Behavior\BuildLiteBehavior [ RunTime:0.000054s ]
INFO: [ app_init ] --END-- [ RunTime:0.000710s ]
INFO: [ app_begin ] --START--
INFO: Run Behavior\ReadHtmlCacheBehavior [ RunTime:0.000589s ]
INFO: [ app_begin ] --END-- [ RunTime:0.000750s ]
ERR: 非法操作:goodlist

[ 2017-12-21T17:43:35+08:00 ] 127.0.0.1 /index.php/Admin/ajax/goodlist.html
INFO: [ app_init ] --START--
INFO: Run Behavior\BuildLiteBehavior [ RunTime:0.000053s ]
INFO: [ app_init ] --END-- [ RunTime:0.000786s ]
INFO: [ app_begin ] --START--
INFO: Run Behavior\ReadHtmlCacheBehavior [ RunTime:0.000547s ]
INFO: [ app_begin ] --END-- [ RunTime:0.000711s ]
ERR: 非法操作:goodlist

[ 2017-12-21T17:43:36+08:00 ] 127.0.0.1 /index.php/Admin/ajax/goodlist.html
INFO: [ app_init ] --START--
INFO: Run Behavior\BuildLiteBehavior [ RunTime:0.000029s ]
INFO: [ app_init ] --END-- [ RunTime:0.000584s ]
INFO: [ app_begin ] --START--
INFO: Run Behavior\ReadHtmlCacheBehavior [ RunTime:0.000449s ]
INFO: [ app_begin ] --END-- [ RunTime:0.000578s ]
ERR: 非法操作:goodlist

